#! /c/Source/iverilog-install/bin/vvp
:ivl_version "12.0 (devel)" "(s20150603-1539-g2693dd32b)";
:ivl_delay_selection "TYPICAL";
:vpi_time_precision + 0;
:vpi_module "C:\iverilog\lib\ivl\system.vpi";
:vpi_module "C:\iverilog\lib\ivl\vhdl_sys.vpi";
:vpi_module "C:\iverilog\lib\ivl\vhdl_textio.vpi";
:vpi_module "C:\iverilog\lib\ivl\v2005_math.vpi";
:vpi_module "C:\iverilog\lib\ivl\va_math.vpi";
S_0000022ef5e5c250 .scope module, "decoder_tb" "decoder_tb" 2 11;
 .timescale 0 0;
v0000022ef5eb3410_0 .var "enable", 0 0;
v0000022ef5eb3cd0_0 .var "in", 1 0;
v0000022ef5eb3f50_0 .net "out", 3 0, L_0000022ef5eb3b90;  1 drivers
S_0000022ef5e5c3e0 .scope module, "d1" "decoder2to4_dl" 2 15, 2 1 0, S_0000022ef5e5c250;
 .timescale 0 0;
    .port_info 0 /INPUT 2 "i";
    .port_info 1 /INPUT 1 "en";
    .port_info 2 /OUTPUT 4 "y";
L_0000022ef5eb5760 .functor NOT 1, L_0000022ef5eb3370, C4<0>, C4<0>, C4<0>;
L_0000022ef5eb51b0 .functor NOT 1, L_0000022ef5eb4db0, C4<0>, C4<0>, C4<0>;
L_0000022ef5eb5140 .functor AND 1, L_0000022ef5eb5760, L_0000022ef5eb51b0, C4<1>, C4<1>;
L_0000022ef5eb5220 .functor NOT 1, v0000022ef5eb3410_0, C4<0>, C4<0>, C4<0>;
L_0000022ef5eb5450 .functor AND 1, L_0000022ef5eb5140, L_0000022ef5eb5220, C4<1>, C4<1>;
L_0000022ef5eb50d0 .functor NOT 1, L_0000022ef5eb5450, C4<0>, C4<0>, C4<0>;
L_0000022ef5eb53e0 .functor NOT 1, L_0000022ef5eb3870, C4<0>, C4<0>, C4<0>;
L_0000022ef5eb5290 .functor AND 1, L_0000022ef5eb53e0, L_0000022ef5eb4770, C4<1>, C4<1>;
L_0000022ef5eb5530 .functor NOT 1, v0000022ef5eb3410_0, C4<0>, C4<0>, C4<0>;
L_0000022ef5eb55a0 .functor AND 1, L_0000022ef5eb5290, L_0000022ef5eb5530, C4<1>, C4<1>;
L_0000022ef5eb54c0 .functor NOT 1, L_0000022ef5eb55a0, C4<0>, C4<0>, C4<0>;
L_0000022ef5eb5300 .functor NOT 1, L_0000022ef5eb4130, C4<0>, C4<0>, C4<0>;
L_0000022ef5eb5370 .functor AND 1, L_0000022ef5eb3af0, L_0000022ef5eb5300, C4<1>, C4<1>;
L_0000022ef5eb5060 .functor NOT 1, v0000022ef5eb3410_0, C4<0>, C4<0>, C4<0>;
L_0000022ef5eb5610 .functor AND 1, L_0000022ef5eb5370, L_0000022ef5eb5060, C4<1>, C4<1>;
L_0000022ef5eb5680 .functor NOT 1, L_0000022ef5eb5610, C4<0>, C4<0>, C4<0>;
L_0000022ef5eb56f0 .functor AND 1, L_0000022ef5eb4310, L_0000022ef5eb43b0, C4<1>, C4<1>;
L_0000022ef5eb6b90 .functor NOT 1, v0000022ef5eb3410_0, C4<0>, C4<0>, C4<0>;
L_0000022ef5eb7370 .functor AND 1, L_0000022ef5eb56f0, L_0000022ef5eb6b90, C4<1>, C4<1>;
L_0000022ef5eb69d0 .functor NOT 1, L_0000022ef5eb7370, C4<0>, C4<0>, C4<0>;
v0000022ef5e56d40_0 .net *"_ivl_10", 0 0, L_0000022ef5eb5140;  1 drivers
v0000022ef5e56ac0_0 .net *"_ivl_12", 0 0, L_0000022ef5eb5220;  1 drivers
v0000022ef5e56c00_0 .net *"_ivl_14", 0 0, L_0000022ef5eb5450;  1 drivers
v0000022ef5e56fc0_0 .net *"_ivl_16", 0 0, L_0000022ef5eb50d0;  1 drivers
v0000022ef5e565c0_0 .net *"_ivl_21", 0 0, L_0000022ef5eb3870;  1 drivers
v0000022ef5e57060_0 .net *"_ivl_22", 0 0, L_0000022ef5eb53e0;  1 drivers
v0000022ef5e571a0_0 .net *"_ivl_25", 0 0, L_0000022ef5eb4770;  1 drivers
v0000022ef5e56660_0 .net *"_ivl_26", 0 0, L_0000022ef5eb5290;  1 drivers
v0000022ef5e572e0_0 .net *"_ivl_28", 0 0, L_0000022ef5eb5530;  1 drivers
v0000022ef5e56700_0 .net *"_ivl_3", 0 0, L_0000022ef5eb3370;  1 drivers
v0000022ef5e567a0_0 .net *"_ivl_30", 0 0, L_0000022ef5eb55a0;  1 drivers
v0000022ef5e56840_0 .net *"_ivl_32", 0 0, L_0000022ef5eb54c0;  1 drivers
v0000022ef5eb4bd0_0 .net *"_ivl_37", 0 0, L_0000022ef5eb3af0;  1 drivers
v0000022ef5eb3910_0 .net *"_ivl_39", 0 0, L_0000022ef5eb4130;  1 drivers
v0000022ef5eb3e10_0 .net *"_ivl_4", 0 0, L_0000022ef5eb5760;  1 drivers
v0000022ef5eb4090_0 .net *"_ivl_40", 0 0, L_0000022ef5eb5300;  1 drivers
v0000022ef5eb4ef0_0 .net *"_ivl_42", 0 0, L_0000022ef5eb5370;  1 drivers
v0000022ef5eb4270_0 .net *"_ivl_44", 0 0, L_0000022ef5eb5060;  1 drivers
v0000022ef5eb39b0_0 .net *"_ivl_46", 0 0, L_0000022ef5eb5610;  1 drivers
v0000022ef5eb4b30_0 .net *"_ivl_48", 0 0, L_0000022ef5eb5680;  1 drivers
v0000022ef5eb4c70_0 .net *"_ivl_54", 0 0, L_0000022ef5eb4310;  1 drivers
v0000022ef5eb3a50_0 .net *"_ivl_56", 0 0, L_0000022ef5eb43b0;  1 drivers
v0000022ef5eb3050_0 .net *"_ivl_57", 0 0, L_0000022ef5eb56f0;  1 drivers
v0000022ef5eb3eb0_0 .net *"_ivl_59", 0 0, L_0000022ef5eb6b90;  1 drivers
v0000022ef5eb3690_0 .net *"_ivl_61", 0 0, L_0000022ef5eb7370;  1 drivers
v0000022ef5eb4d10_0 .net *"_ivl_63", 0 0, L_0000022ef5eb69d0;  1 drivers
v0000022ef5eb4630_0 .net *"_ivl_7", 0 0, L_0000022ef5eb4db0;  1 drivers
v0000022ef5eb44f0_0 .net *"_ivl_8", 0 0, L_0000022ef5eb51b0;  1 drivers
v0000022ef5eb3ff0_0 .net "en", 0 0, v0000022ef5eb3410_0;  1 drivers
v0000022ef5eb30f0_0 .net "i", 1 0, v0000022ef5eb3cd0_0;  1 drivers
v0000022ef5eb4a90_0 .net "y", 3 0, L_0000022ef5eb3b90;  alias, 1 drivers
L_0000022ef5eb3370 .part v0000022ef5eb3cd0_0, 1, 1;
L_0000022ef5eb4db0 .part v0000022ef5eb3cd0_0, 0, 1;
L_0000022ef5eb3870 .part v0000022ef5eb3cd0_0, 1, 1;
L_0000022ef5eb4770 .part v0000022ef5eb3cd0_0, 0, 1;
L_0000022ef5eb3af0 .part v0000022ef5eb3cd0_0, 1, 1;
L_0000022ef5eb4130 .part v0000022ef5eb3cd0_0, 0, 1;
L_0000022ef5eb3b90 .concat8 [ 1 1 1 1], L_0000022ef5eb50d0, L_0000022ef5eb54c0, L_0000022ef5eb5680, L_0000022ef5eb69d0;
L_0000022ef5eb4310 .part v0000022ef5eb3cd0_0, 1, 1;
L_0000022ef5eb43b0 .part v0000022ef5eb3cd0_0, 0, 1;
    .scope S_0000022ef5e5c250;
T_0 ;
    %pushi/vec4 0, 0, 2;
    %store/vec4 v0000022ef5eb3cd0_0, 0, 2;
    %pushi/vec4 1, 0, 1;
    %store/vec4 v0000022ef5eb3410_0, 0, 1;
    %vpi_call 2 19 "$monitor", "Time:%0t en=%b input=%2b output=%4b", $time, v0000022ef5eb3410_0, v0000022ef5eb3cd0_0, v0000022ef5eb3f50_0 {0 0 0};
    %delay 5, 0;
    %pushi/vec4 0, 0, 1;
    %store/vec4 v0000022ef5eb3410_0, 0, 1;
    %pushi/vec4 0, 0, 2;
    %store/vec4 v0000022ef5eb3cd0_0, 0, 2;
    %delay 5, 0;
    %pushi/vec4 0, 0, 1;
    %store/vec4 v0000022ef5eb3410_0, 0, 1;
    %pushi/vec4 1, 0, 2;
    %store/vec4 v0000022ef5eb3cd0_0, 0, 2;
    %delay 5, 0;
    %pushi/vec4 0, 0, 1;
    %store/vec4 v0000022ef5eb3410_0, 0, 1;
    %pushi/vec4 2, 0, 2;
    %store/vec4 v0000022ef5eb3cd0_0, 0, 2;
    %delay 5, 0;
    %pushi/vec4 0, 0, 1;
    %store/vec4 v0000022ef5eb3410_0, 0, 1;
    %pushi/vec4 3, 0, 2;
    %store/vec4 v0000022ef5eb3cd0_0, 0, 2;
    %end;
    .thread T_0;
# The file index is used to find the file name in the following table.
:file_names 3;
    "N/A";
    "<interactive>";
    "2to4decoder_dl_assign.v";
