#! /c/Source/iverilog-install/bin/vvp
:ivl_version "12.0 (devel)" "(s20150603-1539-g2693dd32b)";
:ivl_delay_selection "TYPICAL";
:vpi_time_precision + 0;
:vpi_module "C:\iverilog\lib\ivl\system.vpi";
:vpi_module "C:\iverilog\lib\ivl\vhdl_sys.vpi";
:vpi_module "C:\iverilog\lib\ivl\vhdl_textio.vpi";
:vpi_module "C:\iverilog\lib\ivl\v2005_math.vpi";
:vpi_module "C:\iverilog\lib\ivl\va_math.vpi";
S_0000020df7c9cfe0 .scope module, "decoder3to8_tb" "decoder3to8_tb" 2 18;
 .timescale 0 0;
v0000020df7cfc1d0_0 .var "in", 2 0;
v0000020df7cfd670_0 .net "out", 7 0, L_0000020df7cfc270;  1 drivers
S_0000020df7c9d170 .scope module, "d1" "decoder3to8_dl" 2 21, 2 1 0, S_0000020df7c9cfe0;
 .timescale 0 0;
    .port_info 0 /INPUT 3 "i";
    .port_info 1 /OUTPUT 8 "y";
L_0000020df7cfe6c0 .functor NOT 1, L_0000020df7cfc090, C4<0>, C4<0>, C4<0>;
v0000020df7cfd8f0_0 .net *"_ivl_13", 0 0, L_0000020df7cfc090;  1 drivers
v0000020df7cfc590_0 .net "i", 2 0, v0000020df7cfc1d0_0;  1 drivers
v0000020df7cfcd10_0 .net "y", 7 0, L_0000020df7cfc270;  alias, 1 drivers
L_0000020df7cfd210 .part v0000020df7cfc1d0_0, 1, 1;
L_0000020df7cfd530 .part v0000020df7cfc1d0_0, 0, 1;
L_0000020df7cfc3b0 .part v0000020df7cfc1d0_0, 2, 1;
L_0000020df7cfcef0 .part v0000020df7cfc1d0_0, 1, 1;
L_0000020df7cfc630 .part v0000020df7cfc1d0_0, 0, 1;
L_0000020df7cfc090 .part v0000020df7cfc1d0_0, 2, 1;
L_0000020df7cfc270 .concat8 [ 4 4 0 0], L_0000020df7cfd3f0, L_0000020df7cfcf90;
S_0000020df7dad2f0 .scope module, "d1" "decoder2to4_dl" 2 4, 2 8 0, S_0000020df7c9d170;
 .timescale 0 0;
    .port_info 0 /INPUT 1 "i1";
    .port_info 1 /INPUT 1 "i0";
    .port_info 2 /INPUT 1 "en";
    .port_info 3 /OUTPUT 4 "y";
L_0000020df7c98e40 .functor NOT 1, L_0000020df7cfd210, C4<0>, C4<0>, C4<0>;
L_0000020df7c98eb0 .functor NOT 1, L_0000020df7cfd530, C4<0>, C4<0>, C4<0>;
L_0000020df7c98890 .functor AND 1, L_0000020df7c98e40, L_0000020df7c98eb0, C4<1>, C4<1>;
L_0000020df7c98900 .functor AND 1, L_0000020df7c98890, L_0000020df7cfc3b0, C4<1>, C4<1>;
L_0000020df7c98970 .functor NOT 1, L_0000020df7cfd210, C4<0>, C4<0>, C4<0>;
L_0000020df7c989e0 .functor AND 1, L_0000020df7c98970, L_0000020df7cfd530, C4<1>, C4<1>;
L_0000020df7cfeb20 .functor AND 1, L_0000020df7c989e0, L_0000020df7cfc3b0, C4<1>, C4<1>;
L_0000020df7cfe5e0 .functor NOT 1, L_0000020df7cfd530, C4<0>, C4<0>, C4<0>;
L_0000020df7cfe490 .functor AND 1, L_0000020df7cfd210, L_0000020df7cfe5e0, C4<1>, C4<1>;
L_0000020df7cfef80 .functor AND 1, L_0000020df7cfe490, L_0000020df7cfc3b0, C4<1>, C4<1>;
L_0000020df7cfe730 .functor AND 1, L_0000020df7cfd210, L_0000020df7cfd530, C4<1>, C4<1>;
L_0000020df7cfe1f0 .functor AND 1, L_0000020df7cfe730, L_0000020df7cfc3b0, C4<1>, C4<1>;
v0000020df7c9b2c0_0 .net *"_ivl_12", 0 0, L_0000020df7c98970;  1 drivers
v0000020df7c9b720_0 .net *"_ivl_14", 0 0, L_0000020df7c989e0;  1 drivers
v0000020df7c9b860_0 .net *"_ivl_16", 0 0, L_0000020df7cfeb20;  1 drivers
v0000020df7c9b360_0 .net *"_ivl_2", 0 0, L_0000020df7c98e40;  1 drivers
v0000020df7c9b900_0 .net *"_ivl_20", 0 0, L_0000020df7cfe5e0;  1 drivers
v0000020df7c9b4a0_0 .net *"_ivl_22", 0 0, L_0000020df7cfe490;  1 drivers
v0000020df7c9b9a0_0 .net *"_ivl_24", 0 0, L_0000020df7cfef80;  1 drivers
v0000020df7c9ba40_0 .net *"_ivl_29", 0 0, L_0000020df7cfe730;  1 drivers
v0000020df7c9ab40_0 .net *"_ivl_31", 0 0, L_0000020df7cfe1f0;  1 drivers
v0000020df7cfdf30_0 .net *"_ivl_4", 0 0, L_0000020df7c98eb0;  1 drivers
v0000020df7cfc8b0_0 .net *"_ivl_6", 0 0, L_0000020df7c98890;  1 drivers
v0000020df7cfde90_0 .net *"_ivl_8", 0 0, L_0000020df7c98900;  1 drivers
v0000020df7cfc950_0 .net "en", 0 0, L_0000020df7cfc3b0;  1 drivers
v0000020df7cfd490_0 .net "i0", 0 0, L_0000020df7cfd530;  1 drivers
v0000020df7cfd030_0 .net "i1", 0 0, L_0000020df7cfd210;  1 drivers
v0000020df7cfc770_0 .net "y", 3 0, L_0000020df7cfcf90;  1 drivers
L_0000020df7cfcf90 .concat8 [ 1 1 1 1], L_0000020df7c98900, L_0000020df7cfeb20, L_0000020df7cfef80, L_0000020df7cfe1f0;
S_0000020df7ca43d0 .scope module, "d2" "decoder2to4_dl" 2 5, 2 8 0, S_0000020df7c9d170;
 .timescale 0 0;
    .port_info 0 /INPUT 1 "i1";
    .port_info 1 /INPUT 1 "i0";
    .port_info 2 /INPUT 1 "en";
    .port_info 3 /OUTPUT 4 "y";
L_0000020df7cfe180 .functor NOT 1, L_0000020df7cfcef0, C4<0>, C4<0>, C4<0>;
L_0000020df7cfe7a0 .functor NOT 1, L_0000020df7cfc630, C4<0>, C4<0>, C4<0>;
L_0000020df7cfedc0 .functor AND 1, L_0000020df7cfe180, L_0000020df7cfe7a0, C4<1>, C4<1>;
L_0000020df7cfe500 .functor AND 1, L_0000020df7cfedc0, L_0000020df7cfe6c0, C4<1>, C4<1>;
L_0000020df7cfe9d0 .functor NOT 1, L_0000020df7cfcef0, C4<0>, C4<0>, C4<0>;
L_0000020df7cfe650 .functor AND 1, L_0000020df7cfe9d0, L_0000020df7cfc630, C4<1>, C4<1>;
L_0000020df7cfee30 .functor AND 1, L_0000020df7cfe650, L_0000020df7cfe6c0, C4<1>, C4<1>;
L_0000020df7cfe570 .functor NOT 1, L_0000020df7cfc630, C4<0>, C4<0>, C4<0>;
L_0000020df7cfeb90 .functor AND 1, L_0000020df7cfcef0, L_0000020df7cfe570, C4<1>, C4<1>;
L_0000020df7cfea40 .functor AND 1, L_0000020df7cfeb90, L_0000020df7cfe6c0, C4<1>, C4<1>;
L_0000020df7cfe110 .functor AND 1, L_0000020df7cfcef0, L_0000020df7cfc630, C4<1>, C4<1>;
L_0000020df7cfe810 .functor AND 1, L_0000020df7cfe110, L_0000020df7cfe6c0, C4<1>, C4<1>;
v0000020df7cfd350_0 .net *"_ivl_12", 0 0, L_0000020df7cfe9d0;  1 drivers
v0000020df7cfce50_0 .net *"_ivl_14", 0 0, L_0000020df7cfe650;  1 drivers
v0000020df7cfd170_0 .net *"_ivl_16", 0 0, L_0000020df7cfee30;  1 drivers
v0000020df7cfc9f0_0 .net *"_ivl_2", 0 0, L_0000020df7cfe180;  1 drivers
v0000020df7cfc450_0 .net *"_ivl_20", 0 0, L_0000020df7cfe570;  1 drivers
v0000020df7cfc4f0_0 .net *"_ivl_22", 0 0, L_0000020df7cfeb90;  1 drivers
v0000020df7cfc6d0_0 .net *"_ivl_24", 0 0, L_0000020df7cfea40;  1 drivers
v0000020df7cfc810_0 .net *"_ivl_29", 0 0, L_0000020df7cfe110;  1 drivers
v0000020df7cfcc70_0 .net *"_ivl_31", 0 0, L_0000020df7cfe810;  1 drivers
v0000020df7cfca90_0 .net *"_ivl_4", 0 0, L_0000020df7cfe7a0;  1 drivers
v0000020df7cfcb30_0 .net *"_ivl_6", 0 0, L_0000020df7cfedc0;  1 drivers
v0000020df7cfdd50_0 .net *"_ivl_8", 0 0, L_0000020df7cfe500;  1 drivers
v0000020df7cfda30_0 .net "en", 0 0, L_0000020df7cfe6c0;  1 drivers
v0000020df7cfc130_0 .net "i0", 0 0, L_0000020df7cfc630;  1 drivers
v0000020df7cfd0d0_0 .net "i1", 0 0, L_0000020df7cfcef0;  1 drivers
v0000020df7cfddf0_0 .net "y", 3 0, L_0000020df7cfd3f0;  1 drivers
L_0000020df7cfd3f0 .concat8 [ 1 1 1 1], L_0000020df7cfe500, L_0000020df7cfee30, L_0000020df7cfea40, L_0000020df7cfe810;
    .scope S_0000020df7c9cfe0;
T_0 ;
    %pushi/vec4 0, 0, 3;
    %store/vec4 v0000020df7cfc1d0_0, 0, 3;
    %vpi_call 2 25 "$monitor", "Time:%0t input=%2b output=%8b", $time, v0000020df7cfc1d0_0, v0000020df7cfd670_0 {0 0 0};
    %delay 5, 0;
    %pushi/vec4 1, 0, 3;
    %store/vec4 v0000020df7cfc1d0_0, 0, 3;
    %delay 5, 0;
    %pushi/vec4 2, 0, 3;
    %store/vec4 v0000020df7cfc1d0_0, 0, 3;
    %delay 5, 0;
    %pushi/vec4 3, 0, 3;
    %store/vec4 v0000020df7cfc1d0_0, 0, 3;
    %delay 5, 0;
    %pushi/vec4 4, 0, 3;
    %store/vec4 v0000020df7cfc1d0_0, 0, 3;
    %delay 5, 0;
    %pushi/vec4 5, 0, 3;
    %store/vec4 v0000020df7cfc1d0_0, 0, 3;
    %delay 5, 0;
    %pushi/vec4 6, 0, 3;
    %store/vec4 v0000020df7cfc1d0_0, 0, 3;
    %delay 5, 0;
    %pushi/vec4 7, 0, 3;
    %store/vec4 v0000020df7cfc1d0_0, 0, 3;
    %end;
    .thread T_0;
# The file index is used to find the file name in the following table.
:file_names 3;
    "N/A";
    "<interactive>";
    "3to8decoder_dl_assign.v";
