#! /c/Source/iverilog-install/bin/vvp
:ivl_version "12.0 (devel)" "(s20150603-1539-g2693dd32b)";
:ivl_delay_selection "TYPICAL";
:vpi_time_precision + 0;
:vpi_module "C:\iverilog\lib\ivl\system.vpi";
:vpi_module "C:\iverilog\lib\ivl\vhdl_sys.vpi";
:vpi_module "C:\iverilog\lib\ivl\vhdl_textio.vpi";
:vpi_module "C:\iverilog\lib\ivl\v2005_math.vpi";
:vpi_module "C:\iverilog\lib\ivl\va_math.vpi";
S_000002523798fb20 .scope module, "expression_tb" "expression_tb" 2 26;
 .timescale 0 0;
v00000252379e92d0_0 .net "de_out", 0 0, L_00000252379f26f0;  1 drivers
v00000252379e8fb0_0 .var "in", 2 0;
v00000252379e97d0_0 .net "out", 7 0, L_00000252379f40f0;  1 drivers
S_000002523798fcb0 .scope module, "d1" "expression" 2 30, 2 1 0, S_000002523798fb20;
 .timescale 0 0;
    .port_info 0 /INPUT 3 "i";
    .port_info 1 /OUTPUT 8 "y";
    .port_info 2 /OUTPUT 1 "deout";
L_00000252379f2ae0 .functor OR 1, L_00000252379f5590, L_00000252379f4a50, C4<0>, C4<0>;
L_00000252379f2ca0 .functor OR 1, L_00000252379f2ae0, L_00000252379f4c30, C4<0>, C4<0>;
L_00000252379f26f0 .functor OR 1, L_00000252379f2ca0, L_00000252379f58b0, C4<0>, C4<0>;
v00000252379e8bf0_0 .net *"_ivl_1", 0 0, L_00000252379f5590;  1 drivers
v00000252379e9050_0 .net *"_ivl_11", 0 0, L_00000252379f58b0;  1 drivers
v00000252379e9410_0 .net *"_ivl_3", 0 0, L_00000252379f4a50;  1 drivers
v00000252379e9370_0 .net *"_ivl_4", 0 0, L_00000252379f2ae0;  1 drivers
v00000252379e9910_0 .net *"_ivl_7", 0 0, L_00000252379f4c30;  1 drivers
v00000252379e85b0_0 .net *"_ivl_8", 0 0, L_00000252379f2ca0;  1 drivers
v00000252379e8d30_0 .net "deout", 0 0, L_00000252379f26f0;  alias, 1 drivers
v00000252379e8f10_0 .net "i", 2 0, v00000252379e8fb0_0;  1 drivers
v00000252379e90f0_0 .net "y", 7 0, L_00000252379f40f0;  alias, 1 drivers
L_00000252379f5590 .part L_00000252379f40f0, 0, 1;
L_00000252379f4a50 .part L_00000252379f40f0, 4, 1;
L_00000252379f4c30 .part L_00000252379f40f0, 6, 1;
L_00000252379f58b0 .part L_00000252379f40f0, 7, 1;
S_000002523790e3b0 .scope module, "de" "decoder3to8_dl" 2 5, 2 9 0, S_000002523798fcb0;
 .timescale 0 0;
    .port_info 0 /INPUT 3 "in";
    .port_info 1 /OUTPUT 8 "y";
L_00000252379f2680 .functor NOT 1, L_00000252379e9cd0, C4<0>, C4<0>, C4<0>;
v00000252379e99b0_0 .net *"_ivl_13", 0 0, L_00000252379e9cd0;  1 drivers
v00000252379e8ab0_0 .net "in", 2 0, v00000252379e8fb0_0;  alias, 1 drivers
v00000252379e8b50_0 .net "y", 7 0, L_00000252379f40f0;  alias, 1 drivers
L_00000252379e9230 .part v00000252379e8fb0_0, 1, 1;
L_00000252379e9550 .part v00000252379e8fb0_0, 0, 1;
L_00000252379e95f0 .part v00000252379e8fb0_0, 2, 1;
L_00000252379e9730 .part v00000252379e8fb0_0, 1, 1;
L_00000252379e9b90 .part v00000252379e8fb0_0, 0, 1;
L_00000252379e9cd0 .part v00000252379e8fb0_0, 2, 1;
L_00000252379f40f0 .concat8 [ 4 4 0 0], L_00000252379e9690, L_00000252379e9af0;
S_000002523790e540 .scope module, "d1" "decoder2to4_dl" 2 12, 2 16 0, S_000002523790e3b0;
 .timescale 0 0;
    .port_info 0 /INPUT 1 "i1";
    .port_info 1 /INPUT 1 "i0";
    .port_info 2 /INPUT 1 "en";
    .port_info 3 /OUTPUT 4 "y";
L_0000025237987570 .functor NOT 1, L_00000252379e9230, C4<0>, C4<0>, C4<0>;
L_00000252379f28b0 .functor NOT 1, L_00000252379e9550, C4<0>, C4<0>, C4<0>;
L_00000252379f2b50 .functor AND 1, L_0000025237987570, L_00000252379f28b0, C4<1>, C4<1>;
L_00000252379f2f40 .functor AND 1, L_00000252379f2b50, L_00000252379e95f0, C4<1>, C4<1>;
L_00000252379f27d0 .functor NOT 1, L_00000252379e9230, C4<0>, C4<0>, C4<0>;
L_00000252379f2530 .functor AND 1, L_00000252379f27d0, L_00000252379e9550, C4<1>, C4<1>;
L_00000252379f2bc0 .functor AND 1, L_00000252379f2530, L_00000252379e95f0, C4<1>, C4<1>;
L_00000252379f2fb0 .functor NOT 1, L_00000252379e9550, C4<0>, C4<0>, C4<0>;
L_00000252379f21b0 .functor AND 1, L_00000252379e9230, L_00000252379f2fb0, C4<1>, C4<1>;
L_00000252379f2760 .functor AND 1, L_00000252379f21b0, L_00000252379e95f0, C4<1>, C4<1>;
L_00000252379f2140 .functor AND 1, L_00000252379e9230, L_00000252379e9550, C4<1>, C4<1>;
L_00000252379f2a00 .functor AND 1, L_00000252379f2140, L_00000252379e95f0, C4<1>, C4<1>;
v000002523798cf30_0 .net *"_ivl_12", 0 0, L_00000252379f27d0;  1 drivers
v000002523798ce90_0 .net *"_ivl_14", 0 0, L_00000252379f2530;  1 drivers
v000002523798d110_0 .net *"_ivl_16", 0 0, L_00000252379f2bc0;  1 drivers
v000002523798d1b0_0 .net *"_ivl_2", 0 0, L_0000025237987570;  1 drivers
v000002523798d2f0_0 .net *"_ivl_20", 0 0, L_00000252379f2fb0;  1 drivers
v00000252379e9d70_0 .net *"_ivl_22", 0 0, L_00000252379f21b0;  1 drivers
v00000252379e9a50_0 .net *"_ivl_24", 0 0, L_00000252379f2760;  1 drivers
v00000252379e9eb0_0 .net *"_ivl_29", 0 0, L_00000252379f2140;  1 drivers
v00000252379e81f0_0 .net *"_ivl_31", 0 0, L_00000252379f2a00;  1 drivers
v00000252379e8dd0_0 .net *"_ivl_4", 0 0, L_00000252379f28b0;  1 drivers
v00000252379e8970_0 .net *"_ivl_6", 0 0, L_00000252379f2b50;  1 drivers
v00000252379e8e70_0 .net *"_ivl_8", 0 0, L_00000252379f2f40;  1 drivers
v00000252379e9f50_0 .net "en", 0 0, L_00000252379e95f0;  1 drivers
v00000252379e9e10_0 .net "i0", 0 0, L_00000252379e9550;  1 drivers
v00000252379e80b0_0 .net "i1", 0 0, L_00000252379e9230;  1 drivers
v00000252379e8790_0 .net "y", 3 0, L_00000252379e9af0;  1 drivers
L_00000252379e9af0 .concat8 [ 1 1 1 1], L_00000252379f2f40, L_00000252379f2bc0, L_00000252379f2760, L_00000252379f2a00;
S_000002523790d0e0 .scope module, "d2" "decoder2to4_dl" 2 13, 2 16 0, S_000002523790e3b0;
 .timescale 0 0;
    .port_info 0 /INPUT 1 "i1";
    .port_info 1 /INPUT 1 "i0";
    .port_info 2 /INPUT 1 "en";
    .port_info 3 /OUTPUT 4 "y";
L_00000252379f2d10 .functor NOT 1, L_00000252379e9730, C4<0>, C4<0>, C4<0>;
L_00000252379f2c30 .functor NOT 1, L_00000252379e9b90, C4<0>, C4<0>, C4<0>;
L_00000252379f2a70 .functor AND 1, L_00000252379f2d10, L_00000252379f2c30, C4<1>, C4<1>;
L_00000252379f20d0 .functor AND 1, L_00000252379f2a70, L_00000252379f2680, C4<1>, C4<1>;
L_00000252379f2990 .functor NOT 1, L_00000252379e9730, C4<0>, C4<0>, C4<0>;
L_00000252379f25a0 .functor AND 1, L_00000252379f2990, L_00000252379e9b90, C4<1>, C4<1>;
L_00000252379f2290 .functor AND 1, L_00000252379f25a0, L_00000252379f2680, C4<1>, C4<1>;
L_00000252379f2300 .functor NOT 1, L_00000252379e9b90, C4<0>, C4<0>, C4<0>;
L_00000252379f2370 .functor AND 1, L_00000252379e9730, L_00000252379f2300, C4<1>, C4<1>;
L_00000252379f2d80 .functor AND 1, L_00000252379f2370, L_00000252379f2680, C4<1>, C4<1>;
L_00000252379f2840 .functor AND 1, L_00000252379e9730, L_00000252379e9b90, C4<1>, C4<1>;
L_00000252379f2920 .functor AND 1, L_00000252379f2840, L_00000252379f2680, C4<1>, C4<1>;
v00000252379e8150_0 .net *"_ivl_12", 0 0, L_00000252379f2990;  1 drivers
v00000252379e8650_0 .net *"_ivl_14", 0 0, L_00000252379f25a0;  1 drivers
v00000252379e8c90_0 .net *"_ivl_16", 0 0, L_00000252379f2290;  1 drivers
v00000252379e9870_0 .net *"_ivl_2", 0 0, L_00000252379f2d10;  1 drivers
v00000252379e8830_0 .net *"_ivl_20", 0 0, L_00000252379f2300;  1 drivers
v00000252379e94b0_0 .net *"_ivl_22", 0 0, L_00000252379f2370;  1 drivers
v00000252379e8470_0 .net *"_ivl_24", 0 0, L_00000252379f2d80;  1 drivers
v00000252379e9190_0 .net *"_ivl_29", 0 0, L_00000252379f2840;  1 drivers
v00000252379e9c30_0 .net *"_ivl_31", 0 0, L_00000252379f2920;  1 drivers
v00000252379e8290_0 .net *"_ivl_4", 0 0, L_00000252379f2c30;  1 drivers
v00000252379e86f0_0 .net *"_ivl_6", 0 0, L_00000252379f2a70;  1 drivers
v00000252379e88d0_0 .net *"_ivl_8", 0 0, L_00000252379f20d0;  1 drivers
v00000252379e8330_0 .net "en", 0 0, L_00000252379f2680;  1 drivers
v00000252379e8a10_0 .net "i0", 0 0, L_00000252379e9b90;  1 drivers
v00000252379e83d0_0 .net "i1", 0 0, L_00000252379e9730;  1 drivers
v00000252379e8510_0 .net "y", 3 0, L_00000252379e9690;  1 drivers
L_00000252379e9690 .concat8 [ 1 1 1 1], L_00000252379f20d0, L_00000252379f2290, L_00000252379f2d80, L_00000252379f2920;
    .scope S_000002523798fb20;
T_0 ;
    %pushi/vec4 0, 0, 3;
    %store/vec4 v00000252379e8fb0_0, 0, 3;
    %vpi_call 2 34 "$monitor", "Time:%0t input=%2b output=%b", $time, v00000252379e8fb0_0, v00000252379e92d0_0 {0 0 0};
    %delay 5, 0;
    %pushi/vec4 1, 0, 3;
    %store/vec4 v00000252379e8fb0_0, 0, 3;
    %delay 5, 0;
    %pushi/vec4 2, 0, 3;
    %store/vec4 v00000252379e8fb0_0, 0, 3;
    %delay 5, 0;
    %pushi/vec4 3, 0, 3;
    %store/vec4 v00000252379e8fb0_0, 0, 3;
    %delay 5, 0;
    %pushi/vec4 4, 0, 3;
    %store/vec4 v00000252379e8fb0_0, 0, 3;
    %delay 5, 0;
    %pushi/vec4 5, 0, 3;
    %store/vec4 v00000252379e8fb0_0, 0, 3;
    %delay 5, 0;
    %pushi/vec4 6, 0, 3;
    %store/vec4 v00000252379e8fb0_0, 0, 3;
    %delay 5, 0;
    %pushi/vec4 7, 0, 3;
    %store/vec4 v00000252379e8fb0_0, 0, 3;
    %end;
    .thread T_0;
# The file index is used to find the file name in the following table.
:file_names 3;
    "N/A";
    "<interactive>";
    "expression_decoder_assign.v";
