#! /c/Source/iverilog-install/bin/vvp
:ivl_version "12.0 (devel)" "(s20150603-1539-g2693dd32b)";
:ivl_delay_selection "TYPICAL";
:vpi_time_precision + 0;
:vpi_module "C:\iverilog\lib\ivl\system.vpi";
:vpi_module "C:\iverilog\lib\ivl\vhdl_sys.vpi";
:vpi_module "C:\iverilog\lib\ivl\vhdl_textio.vpi";
:vpi_module "C:\iverilog\lib\ivl\v2005_math.vpi";
:vpi_module "C:\iverilog\lib\ivl\va_math.vpi";
S_000001d93bbfbc40 .scope module, "mux2to1_tb" "mux2to1_tb" 2 11;
 .timescale 0 0;
v000001d93bbf65f0_0 .var "d0", 0 0;
v000001d93bbf6690_0 .var "d1", 0 0;
v000001d93bbf6730_0 .var "s", 0 0;
v000001d93bb2c820_0 .net "y", 0 0, L_000001d93bbf6e90;  1 drivers
S_000001d93bbf9ff0 .scope module, "i" "mux2to1" 2 14, 2 1 0, S_000001d93bbfbc40;
 .timescale 0 0;
    .port_info 0 /INPUT 1 "d0";
    .port_info 1 /INPUT 1 "d1";
    .port_info 2 /INPUT 1 "s";
    .port_info 3 /OUTPUT 1 "y";
L_000001d93bae6180 .functor NOT 1, v000001d93bbf6730_0, C4<0>, C4<0>, C4<0>;
L_000001d93bbf6bd0 .functor AND 1, v000001d93bbf65f0_0, L_000001d93bae6180, C4<1>, C4<1>;
L_000001d93bbf6d30 .functor AND 1, v000001d93bbf6690_0, v000001d93bbf6730_0, C4<1>, C4<1>;
L_000001d93bbf6e90 .functor OR 1, L_000001d93bbf6bd0, L_000001d93bbf6d30, C4<0>, C4<0>;
v000001d93bbfbdd0_0 .net "d0", 0 0, v000001d93bbf65f0_0;  1 drivers
v000001d93bbfa180_0 .net "d1", 0 0, v000001d93bbf6690_0;  1 drivers
v000001d93bbfa220_0 .net "s", 0 0, v000001d93bbf6730_0;  1 drivers
v000001d93bbf6370_0 .net "sbar", 0 0, L_000001d93bae6180;  1 drivers
v000001d93bbf6410_0 .net "w1", 0 0, L_000001d93bbf6bd0;  1 drivers
v000001d93bbf64b0_0 .net "w2", 0 0, L_000001d93bbf6d30;  1 drivers
v000001d93bbf6550_0 .net "y", 0 0, L_000001d93bbf6e90;  alias, 1 drivers
    .scope S_000001d93bbfbc40;
T_0 ;
    %pushi/vec4 0, 0, 1;
    %store/vec4 v000001d93bbf6730_0, 0, 1;
    %pushi/vec4 0, 0, 1;
    %store/vec4 v000001d93bbf65f0_0, 0, 1;
    %pushi/vec4 0, 0, 1;
    %store/vec4 v000001d93bbf6690_0, 0, 1;
    %vpi_call 2 18 "$monitor", "Time:%f, s:%b d0:%b d1:%b y:%b", $time, v000001d93bbf6730_0, v000001d93bbf65f0_0, v000001d93bbf6690_0, v000001d93bb2c820_0 {0 0 0};
    %delay 5, 0;
    %pushi/vec4 0, 0, 1;
    %store/vec4 v000001d93bbf6730_0, 0, 1;
    %pushi/vec4 1, 0, 1;
    %store/vec4 v000001d93bbf65f0_0, 0, 1;
    %pushi/vec4 0, 0, 1;
    %store/vec4 v000001d93bbf6690_0, 0, 1;
    %delay 5, 0;
    %pushi/vec4 0, 0, 1;
    %store/vec4 v000001d93bbf6730_0, 0, 1;
    %pushi/vec4 0, 0, 1;
    %store/vec4 v000001d93bbf65f0_0, 0, 1;
    %pushi/vec4 1, 0, 1;
    %store/vec4 v000001d93bbf6690_0, 0, 1;
    %delay 5, 0;
    %pushi/vec4 1, 0, 1;
    %store/vec4 v000001d93bbf6730_0, 0, 1;
    %pushi/vec4 1, 0, 1;
    %store/vec4 v000001d93bbf65f0_0, 0, 1;
    %pushi/vec4 0, 0, 1;
    %store/vec4 v000001d93bbf6690_0, 0, 1;
    %delay 5, 0;
    %pushi/vec4 1, 0, 1;
    %store/vec4 v000001d93bbf6730_0, 0, 1;
    %pushi/vec4 0, 0, 1;
    %store/vec4 v000001d93bbf65f0_0, 0, 1;
    %pushi/vec4 1, 0, 1;
    %store/vec4 v000001d93bbf6690_0, 0, 1;
    %end;
    .thread T_0;
# The file index is used to find the file name in the following table.
:file_names 3;
    "N/A";
    "<interactive>";
    "2to1mux_gl.v";
