#! /c/Source/iverilog-install/bin/vvp
:ivl_version "12.0 (devel)" "(s20150603-1539-g2693dd32b)";
:ivl_delay_selection "TYPICAL";
:vpi_time_precision + 0;
:vpi_module "C:\iverilog\lib\ivl\system.vpi";
:vpi_module "C:\iverilog\lib\ivl\vhdl_sys.vpi";
:vpi_module "C:\iverilog\lib\ivl\vhdl_textio.vpi";
:vpi_module "C:\iverilog\lib\ivl\v2005_math.vpi";
:vpi_module "C:\iverilog\lib\ivl\va_math.vpi";
S_0000017a0a0d85d0 .scope module, "half_adder_gl_tb" "half_adder_gl_tb" 2 8;
 .timescale 0 0;
v0000017a0a1258a0_0 .var "a", 0 0;
v0000017a0a125940_0 .var "b", 0 0;
v0000017a0a1259e0_0 .net "carry", 0 0, L_0000017a0a125b20;  1 drivers
v0000017a0a125a80_0 .net "sum", 0 0, L_0000017a0a0d6bf0;  1 drivers
S_0000017a0a125710 .scope module, "i" "half_adder_gl" 2 11, 2 1 0, S_0000017a0a0d85d0;
 .timescale 0 0;
    .port_info 0 /INPUT 1 "a";
    .port_info 1 /INPUT 1 "b";
    .port_info 2 /OUTPUT 1 "sum";
    .port_info 3 /OUTPUT 1 "carry";
L_0000017a0a125b20 .functor AND 1, v0000017a0a1258a0_0, v0000017a0a125940_0, C4<1>, C4<1>;
L_0000017a0a0d6bf0 .functor XOR 1, v0000017a0a1258a0_0, v0000017a0a125940_0, C4<0>, C4<0>;
v0000017a0a0d8760_0 .net "a", 0 0, v0000017a0a1258a0_0;  1 drivers
v0000017a0a0d6770_0 .net "b", 0 0, v0000017a0a125940_0;  1 drivers
v0000017a0a0d8800_0 .net "carry", 0 0, L_0000017a0a125b20;  alias, 1 drivers
v0000017a0a0dbd40_0 .net "sum", 0 0, L_0000017a0a0d6bf0;  alias, 1 drivers
    .scope S_0000017a0a0d85d0;
T_0 ;
    %pushi/vec4 0, 0, 1;
    %store/vec4 v0000017a0a1258a0_0, 0, 1;
    %pushi/vec4 0, 0, 1;
    %store/vec4 v0000017a0a125940_0, 0, 1;
    %vpi_call 2 16 "$monitor", "Time:%0t a=%b b=%b sum=%b carry=%b", $time, v0000017a0a1258a0_0, v0000017a0a125940_0, v0000017a0a125a80_0, v0000017a0a1259e0_0 {0 0 0};
    %delay 5, 0;
    %pushi/vec4 0, 0, 1;
    %store/vec4 v0000017a0a1258a0_0, 0, 1;
    %pushi/vec4 0, 0, 1;
    %store/vec4 v0000017a0a125940_0, 0, 1;
    %delay 5, 0;
    %pushi/vec4 0, 0, 1;
    %store/vec4 v0000017a0a1258a0_0, 0, 1;
    %pushi/vec4 1, 0, 1;
    %store/vec4 v0000017a0a125940_0, 0, 1;
    %delay 5, 0;
    %pushi/vec4 1, 0, 1;
    %store/vec4 v0000017a0a1258a0_0, 0, 1;
    %pushi/vec4 0, 0, 1;
    %store/vec4 v0000017a0a125940_0, 0, 1;
    %delay 5, 0;
    %pushi/vec4 1, 0, 1;
    %store/vec4 v0000017a0a1258a0_0, 0, 1;
    %pushi/vec4 1, 0, 1;
    %store/vec4 v0000017a0a125940_0, 0, 1;
    %end;
    .thread T_0;
# The file index is used to find the file name in the following table.
:file_names 3;
    "N/A";
    "<interactive>";
    "halfadder_gl.v";
