#! /c/Source/iverilog-install/bin/vvp
:ivl_version "12.0 (devel)" "(s20150603-1539-g2693dd32b)";
:ivl_delay_selection "TYPICAL";
:vpi_time_precision + 0;
:vpi_module "C:\iverilog\lib\ivl\system.vpi";
:vpi_module "C:\iverilog\lib\ivl\vhdl_sys.vpi";
:vpi_module "C:\iverilog\lib\ivl\vhdl_textio.vpi";
:vpi_module "C:\iverilog\lib\ivl\v2005_math.vpi";
:vpi_module "C:\iverilog\lib\ivl\va_math.vpi";
S_000001e94a0e8f80 .scope module, "halfadder_tb" "halfadder_tb" 2 8;
 .timescale 0 0;
v000001e94a0e6470_0 .net "cout", 0 0, L_000001e94a135640;  1 drivers
v000001e94a0e6510_0 .net "s", 0 0, L_000001e94a0e7eb0;  1 drivers
v000001e94a0e65b0_0 .var "x", 0 0;
v000001e94a0e6650_0 .var "y", 0 0;
S_000001e94a0e9110 .scope module, "h1" "halfadder_dl" 2 11, 2 1 0, S_000001e94a0e8f80;
 .timescale 0 0;
    .port_info 0 /INPUT 1 "a";
    .port_info 1 /INPUT 1 "b";
    .port_info 2 /OUTPUT 1 "sum";
    .port_info 3 /OUTPUT 1 "carry";
L_000001e94a0e7eb0 .functor XOR 1, v000001e94a0e65b0_0, v000001e94a0e6650_0, C4<0>, C4<0>;
L_000001e94a135640 .functor AND 1, v000001e94a0e65b0_0, v000001e94a0e6650_0, C4<1>, C4<1>;
v000001e94a0e92a0_0 .net "a", 0 0, v000001e94a0e65b0_0;  1 drivers
v000001e94a0e7e10_0 .net "b", 0 0, v000001e94a0e6650_0;  1 drivers
v000001e94a0e6330_0 .net "carry", 0 0, L_000001e94a135640;  alias, 1 drivers
v000001e94a0e63d0_0 .net "sum", 0 0, L_000001e94a0e7eb0;  alias, 1 drivers
    .scope S_000001e94a0e8f80;
T_0 ;
    %pushi/vec4 0, 0, 1;
    %store/vec4 v000001e94a0e65b0_0, 0, 1;
    %pushi/vec4 0, 0, 1;
    %store/vec4 v000001e94a0e6650_0, 0, 1;
    %vpi_call 2 16 "$monitor", "Time=%0t a=%b b=%b sum=%b carry=%b", $time, v000001e94a0e65b0_0, v000001e94a0e6650_0, v000001e94a0e6510_0, v000001e94a0e6470_0 {0 0 0};
    %delay 5, 0;
    %pushi/vec4 0, 0, 1;
    %store/vec4 v000001e94a0e65b0_0, 0, 1;
    %pushi/vec4 0, 0, 1;
    %store/vec4 v000001e94a0e6650_0, 0, 1;
    %delay 5, 0;
    %pushi/vec4 0, 0, 1;
    %store/vec4 v000001e94a0e65b0_0, 0, 1;
    %pushi/vec4 1, 0, 1;
    %store/vec4 v000001e94a0e6650_0, 0, 1;
    %delay 5, 0;
    %pushi/vec4 1, 0, 1;
    %store/vec4 v000001e94a0e65b0_0, 0, 1;
    %pushi/vec4 0, 0, 1;
    %store/vec4 v000001e94a0e6650_0, 0, 1;
    %delay 5, 0;
    %pushi/vec4 1, 0, 1;
    %store/vec4 v000001e94a0e65b0_0, 0, 1;
    %pushi/vec4 1, 0, 1;
    %store/vec4 v000001e94a0e6650_0, 0, 1;
    %end;
    .thread T_0;
# The file index is used to find the file name in the following table.
:file_names 3;
    "N/A";
    "<interactive>";
    "halfadder_dl_assign.v";
