#! /c/Source/iverilog-install/bin/vvp
:ivl_version "12.0 (devel)" "(s20150603-1539-g2693dd32b)";
:ivl_delay_selection "TYPICAL";
:vpi_time_precision + 0;
:vpi_module "C:\iverilog\lib\ivl\system.vpi";
:vpi_module "C:\iverilog\lib\ivl\vhdl_sys.vpi";
:vpi_module "C:\iverilog\lib\ivl\vhdl_textio.vpi";
:vpi_module "C:\iverilog\lib\ivl\v2005_math.vpi";
:vpi_module "C:\iverilog\lib\ivl\va_math.vpi";
S_000002a2e7b19150 .scope module, "halfsubtractor_tb" "halfsubtractor_tb" 2 10;
 .timescale 0 0;
v000002a2e7b1bce0_0 .net "b", 0 0, L_000002a2e7b16d30;  1 drivers
v000002a2e7b1bd80_0 .net "d", 0 0, L_000002a2e7b16bd0;  1 drivers
v000002a2e7c75cc0_0 .var "x", 0 0;
v000002a2e7c75d60_0 .var "y", 0 0;
S_000002a2e7c759f0 .scope module, "h1" "halfsubtractor_gl" 2 13, 2 1 0, S_000002a2e7b19150;
 .timescale 0 0;
    .port_info 0 /INPUT 1 "a";
    .port_info 1 /INPUT 1 "b";
    .port_info 2 /OUTPUT 1 "dif";
    .port_info 3 /OUTPUT 1 "borrow";
L_000002a2e7c75e00 .functor NOT 1, v000002a2e7c75cc0_0, C4<0>, C4<0>, C4<0>;
L_000002a2e7b16bd0 .functor XOR 1, v000002a2e7c75cc0_0, v000002a2e7c75d60_0, C4<0>, C4<0>;
L_000002a2e7b16d30 .functor AND 1, L_000002a2e7c75e00, v000002a2e7c75d60_0, C4<1>, C4<1>;
v000002a2e7b192e0_0 .net "a", 0 0, v000002a2e7c75cc0_0;  1 drivers
v000002a2e7b16730_0 .net "b", 0 0, v000002a2e7c75d60_0;  1 drivers
v000002a2e7b19380_0 .net "borrow", 0 0, L_000002a2e7b16d30;  alias, 1 drivers
v000002a2e7c75b80_0 .net "dif", 0 0, L_000002a2e7b16bd0;  alias, 1 drivers
v000002a2e7c75c20_0 .net "w1", 0 0, L_000002a2e7c75e00;  1 drivers
    .scope S_000002a2e7b19150;
T_0 ;
    %pushi/vec4 0, 0, 1;
    %store/vec4 v000002a2e7c75cc0_0, 0, 1;
    %pushi/vec4 0, 0, 1;
    %store/vec4 v000002a2e7c75d60_0, 0, 1;
    %vpi_call 2 18 "$monitor", "Time=%0t a=%b b=%b dif=%b borrow=%b", $time, v000002a2e7c75cc0_0, v000002a2e7c75d60_0, v000002a2e7b1bd80_0, v000002a2e7b1bce0_0 {0 0 0};
    %delay 5, 0;
    %pushi/vec4 0, 0, 1;
    %store/vec4 v000002a2e7c75cc0_0, 0, 1;
    %pushi/vec4 0, 0, 1;
    %store/vec4 v000002a2e7c75d60_0, 0, 1;
    %delay 5, 0;
    %pushi/vec4 0, 0, 1;
    %store/vec4 v000002a2e7c75cc0_0, 0, 1;
    %pushi/vec4 1, 0, 1;
    %store/vec4 v000002a2e7c75d60_0, 0, 1;
    %delay 5, 0;
    %pushi/vec4 1, 0, 1;
    %store/vec4 v000002a2e7c75cc0_0, 0, 1;
    %pushi/vec4 0, 0, 1;
    %store/vec4 v000002a2e7c75d60_0, 0, 1;
    %delay 5, 0;
    %pushi/vec4 1, 0, 1;
    %store/vec4 v000002a2e7c75cc0_0, 0, 1;
    %pushi/vec4 1, 0, 1;
    %store/vec4 v000002a2e7c75d60_0, 0, 1;
    %end;
    .thread T_0;
# The file index is used to find the file name in the following table.
:file_names 3;
    "N/A";
    "<interactive>";
    "halfsubstractor_gl_assign.v";
