#! /c/Source/iverilog-install/bin/vvp
:ivl_version "12.0 (devel)" "(s20150603-1539-g2693dd32b)";
:ivl_delay_selection "TYPICAL";
:vpi_time_precision + 0;
:vpi_module "C:\iverilog\lib\ivl\system.vpi";
:vpi_module "C:\iverilog\lib\ivl\vhdl_sys.vpi";
:vpi_module "C:\iverilog\lib\ivl\vhdl_textio.vpi";
:vpi_module "C:\iverilog\lib\ivl\v2005_math.vpi";
:vpi_module "C:\iverilog\lib\ivl\va_math.vpi";
S_000001cb8dbeb420 .scope module, "and1_tb" "and1_tb" 2 7;
 .timescale 0 0;
v000001cb8dbebb40_0 .var "in1", 0 0;
v000001cb8dbebbe0_0 .var "in2", 0 0;
v000001cb8dbebc80_0 .var "in3", 0 0;
v000001cb8dbebd20_0 .var "in4", 0 0;
v000001cb8dbebdc0_0 .var "in5", 0 0;
v000001cb8dbebe60_0 .net "out", 0 0, L_000001cb8dbe67d0;  1 drivers
S_000001cb8dbe63c0 .scope module, "i" "and_5in" 2 10, 2 1 0, S_000001cb8dbeb420;
 .timescale 0 0;
    .port_info 0 /INPUT 1 "in1";
    .port_info 1 /INPUT 1 "in2";
    .port_info 2 /INPUT 1 "in3";
    .port_info 3 /INPUT 1 "in4";
    .port_info 4 /INPUT 1 "in5";
    .port_info 5 /OUTPUT 1 "out";
L_000001cb8dbe67d0/0/0 .functor AND 1, v000001cb8dbebb40_0, v000001cb8dbebbe0_0, v000001cb8dbebc80_0, v000001cb8dbebd20_0;
L_000001cb8dbe67d0/0/4 .functor AND 1, v000001cb8dbebdc0_0, C4<1>, C4<1>, C4<1>;
L_000001cb8dbe67d0 .functor AND 1, L_000001cb8dbe67d0/0/0, L_000001cb8dbe67d0/0/4, C4<1>, C4<1>;
v000001cb8dbe6550_0 .net "in1", 0 0, v000001cb8dbebb40_0;  1 drivers
v000001cb8dbe65f0_0 .net "in2", 0 0, v000001cb8dbebbe0_0;  1 drivers
v000001cb8dbe6690_0 .net "in3", 0 0, v000001cb8dbebc80_0;  1 drivers
v000001cb8dbe6730_0 .net "in4", 0 0, v000001cb8dbebd20_0;  1 drivers
v000001cb8dbeba00_0 .net "in5", 0 0, v000001cb8dbebdc0_0;  1 drivers
v000001cb8dbebaa0_0 .net "out", 0 0, L_000001cb8dbe67d0;  alias, 1 drivers
    .scope S_000001cb8dbeb420;
T_0 ;
    %pushi/vec4 0, 0, 1;
    %store/vec4 v000001cb8dbebb40_0, 0, 1;
    %pushi/vec4 0, 0, 1;
    %store/vec4 v000001cb8dbebbe0_0, 0, 1;
    %pushi/vec4 0, 0, 1;
    %store/vec4 v000001cb8dbebc80_0, 0, 1;
    %pushi/vec4 0, 0, 1;
    %store/vec4 v000001cb8dbebd20_0, 0, 1;
    %pushi/vec4 0, 0, 1;
    %store/vec4 v000001cb8dbebdc0_0, 0, 1;
    %vpi_call 2 14 "$monitor", "Time:%0t in=%b%b%b%b%b out=%b", $time, v000001cb8dbebb40_0, v000001cb8dbebbe0_0, v000001cb8dbebc80_0, v000001cb8dbebd20_0, v000001cb8dbebdc0_0, v000001cb8dbebe60_0 {0 0 0};
    %delay 5, 0;
    %pushi/vec4 0, 0, 1;
    %store/vec4 v000001cb8dbebb40_0, 0, 1;
    %pushi/vec4 0, 0, 1;
    %store/vec4 v000001cb8dbebbe0_0, 0, 1;
    %pushi/vec4 0, 0, 1;
    %store/vec4 v000001cb8dbebc80_0, 0, 1;
    %pushi/vec4 0, 0, 1;
    %store/vec4 v000001cb8dbebd20_0, 0, 1;
    %pushi/vec4 0, 0, 1;
    %store/vec4 v000001cb8dbebdc0_0, 0, 1;
    %delay 5, 0;
    %pushi/vec4 0, 0, 1;
    %store/vec4 v000001cb8dbebb40_0, 0, 1;
    %pushi/vec4 0, 0, 1;
    %store/vec4 v000001cb8dbebbe0_0, 0, 1;
    %pushi/vec4 1, 0, 1;
    %store/vec4 v000001cb8dbebc80_0, 0, 1;
    %pushi/vec4 0, 0, 1;
    %store/vec4 v000001cb8dbebd20_0, 0, 1;
    %pushi/vec4 1, 0, 1;
    %store/vec4 v000001cb8dbebdc0_0, 0, 1;
    %delay 5, 0;
    %pushi/vec4 1, 0, 1;
    %store/vec4 v000001cb8dbebb40_0, 0, 1;
    %pushi/vec4 1, 0, 1;
    %store/vec4 v000001cb8dbebbe0_0, 0, 1;
    %pushi/vec4 1, 0, 1;
    %store/vec4 v000001cb8dbebc80_0, 0, 1;
    %pushi/vec4 1, 0, 1;
    %store/vec4 v000001cb8dbebd20_0, 0, 1;
    %pushi/vec4 1, 0, 1;
    %store/vec4 v000001cb8dbebdc0_0, 0, 1;
    %end;
    .thread T_0;
# The file index is used to find the file name in the following table.
:file_names 3;
    "N/A";
    "<interactive>";
    "and_5gate.v";
