#! /c/Source/iverilog-install/bin/vvp
:ivl_version "12.0 (devel)" "(s20150603-1539-g2693dd32b)";
:ivl_delay_selection "TYPICAL";
:vpi_time_precision + 0;
:vpi_module "C:\iverilog\lib\ivl\system.vpi";
:vpi_module "C:\iverilog\lib\ivl\vhdl_sys.vpi";
:vpi_module "C:\iverilog\lib\ivl\vhdl_textio.vpi";
:vpi_module "C:\iverilog\lib\ivl\v2005_math.vpi";
:vpi_module "C:\iverilog\lib\ivl\va_math.vpi";
S_0000023ce1f0ee30 .scope module, "and1_tb" "and1_tb" 2 7;
 .timescale 0 0;
v0000023ce1f06480_0 .var "a", 0 0;
v0000023ce1f06520_0 .var "b", 0 0;
v0000023ce1f065c0_0 .net "c", 0 0, L_0000023ce1dd5250;  1 drivers
S_0000023ce1f08360 .scope module, "i" "and_gl" 2 10, 2 1 0, S_0000023ce1f0ee30;
 .timescale 0 0;
    .port_info 0 /INPUT 1 "a";
    .port_info 1 /INPUT 1 "b";
    .port_info 2 /OUTPUT 1 "c";
L_0000023ce1dd5250 .functor AND 1, v0000023ce1f06480_0, v0000023ce1f06520_0, C4<1>, C4<1>;
v0000023ce1f084f0_0 .net "a", 0 0, v0000023ce1f06480_0;  1 drivers
v0000023ce1f08590_0 .net "b", 0 0, v0000023ce1f06520_0;  1 drivers
v0000023ce1f063e0_0 .net "c", 0 0, L_0000023ce1dd5250;  alias, 1 drivers
    .scope S_0000023ce1f0ee30;
T_0 ;
    %pushi/vec4 0, 0, 1;
    %store/vec4 v0000023ce1f06480_0, 0, 1;
    %pushi/vec4 0, 0, 1;
    %store/vec4 v0000023ce1f06520_0, 0, 1;
    %vpi_call 2 15 "$monitor", "Time:%0t a=%b b=%b c=%b", $time, v0000023ce1f06480_0, v0000023ce1f06520_0, v0000023ce1f065c0_0 {0 0 0};
    %delay 5, 0;
    %pushi/vec4 0, 0, 1;
    %store/vec4 v0000023ce1f06480_0, 0, 1;
    %pushi/vec4 0, 0, 1;
    %store/vec4 v0000023ce1f06520_0, 0, 1;
    %delay 5, 0;
    %pushi/vec4 0, 0, 1;
    %store/vec4 v0000023ce1f06480_0, 0, 1;
    %pushi/vec4 1, 0, 1;
    %store/vec4 v0000023ce1f06520_0, 0, 1;
    %delay 5, 0;
    %pushi/vec4 1, 0, 1;
    %store/vec4 v0000023ce1f06480_0, 0, 1;
    %pushi/vec4 0, 0, 1;
    %store/vec4 v0000023ce1f06520_0, 0, 1;
    %delay 5, 0;
    %pushi/vec4 1, 0, 1;
    %store/vec4 v0000023ce1f06480_0, 0, 1;
    %pushi/vec4 1, 0, 1;
    %store/vec4 v0000023ce1f06520_0, 0, 1;
    %end;
    .thread T_0;
# The file index is used to find the file name in the following table.
:file_names 3;
    "N/A";
    "<interactive>";
    "and_data.v";
