#! /c/Source/iverilog-install/bin/vvp
:ivl_version "12.0 (devel)" "(s20150603-1539-g2693dd32b)";
:ivl_delay_selection "TYPICAL";
:vpi_time_precision + 0;
:vpi_module "C:\iverilog\lib\ivl\system.vpi";
:vpi_module "C:\iverilog\lib\ivl\vhdl_sys.vpi";
:vpi_module "C:\iverilog\lib\ivl\vhdl_textio.vpi";
:vpi_module "C:\iverilog\lib\ivl\v2005_math.vpi";
:vpi_module "C:\iverilog\lib\ivl\va_math.vpi";
S_00000289284863c0 .scope module, "and1_tb" "and1_tb" 2 14;
 .timescale 0 0;
v0000028928488fa0_0 .var "a", 0 0;
v000002892848bb90_0 .var "b", 0 0;
v000002892848bc30_0 .net "c", 0 0, v0000028928488f00_0;  1 drivers
S_0000028928486550 .scope module, "i" "and_bl" 2 17, 2 1 0, S_00000289284863c0;
 .timescale 0 0;
    .port_info 0 /INPUT 1 "a";
    .port_info 1 /INPUT 1 "b";
    .port_info 2 /OUTPUT 1 "c";
v00000289284866e0_0 .net "a", 0 0, v0000028928488fa0_0;  1 drivers
v0000028928486780_0 .net "b", 0 0, v000002892848bb90_0;  1 drivers
v0000028928488f00_0 .var "c", 0 0;
E_000002892848c130 .event anyedge, v0000028928488f00_0, v0000028928486780_0, v00000289284866e0_0;
    .scope S_0000028928486550;
T_0 ;
    %wait E_000002892848c130;
    %load/vec4 v00000289284866e0_0;
    %cmpi/e 1, 0, 1;
    %flag_get/vec4 4;
    %jmp/0 T_0.2, 4;
    %load/vec4 v0000028928486780_0;
    %pushi/vec4 1, 0, 1;
    %cmp/e;
    %flag_get/vec4 4;
    %and;
T_0.2;
    %flag_set/vec4 8;
    %jmp/0xz  T_0.0, 8;
    %pushi/vec4 1, 0, 1;
    %store/vec4 v0000028928488f00_0, 0, 1;
    %jmp T_0.1;
T_0.0 ;
    %pushi/vec4 0, 0, 1;
    %store/vec4 v0000028928488f00_0, 0, 1;
T_0.1 ;
    %jmp T_0;
    .thread T_0, $push;
    .scope S_00000289284863c0;
T_1 ;
    %pushi/vec4 0, 0, 1;
    %store/vec4 v0000028928488fa0_0, 0, 1;
    %pushi/vec4 0, 0, 1;
    %store/vec4 v000002892848bb90_0, 0, 1;
    %vpi_call 2 22 "$monitor", "Time:%0t a=%b b=%b c=%b", $time, v0000028928488fa0_0, v000002892848bb90_0, v000002892848bc30_0 {0 0 0};
    %delay 5, 0;
    %pushi/vec4 0, 0, 1;
    %store/vec4 v0000028928488fa0_0, 0, 1;
    %pushi/vec4 0, 0, 1;
    %store/vec4 v000002892848bb90_0, 0, 1;
    %delay 5, 0;
    %pushi/vec4 0, 0, 1;
    %store/vec4 v0000028928488fa0_0, 0, 1;
    %pushi/vec4 1, 0, 1;
    %store/vec4 v000002892848bb90_0, 0, 1;
    %delay 5, 0;
    %pushi/vec4 1, 0, 1;
    %store/vec4 v0000028928488fa0_0, 0, 1;
    %pushi/vec4 0, 0, 1;
    %store/vec4 v000002892848bb90_0, 0, 1;
    %delay 5, 0;
    %pushi/vec4 1, 0, 1;
    %store/vec4 v0000028928488fa0_0, 0, 1;
    %pushi/vec4 1, 0, 1;
    %store/vec4 v000002892848bb90_0, 0, 1;
    %end;
    .thread T_1;
# The file index is used to find the file name in the following table.
:file_names 3;
    "N/A";
    "<interactive>";
    "and_behav.v";
