#! /c/Source/iverilog-install/bin/vvp
:ivl_version "12.0 (devel)" "(s20150603-1539-g2693dd32b)";
:ivl_delay_selection "TYPICAL";
:vpi_time_precision + 0;
:vpi_module "C:\iverilog\lib\ivl\system.vpi";
:vpi_module "C:\iverilog\lib\ivl\vhdl_sys.vpi";
:vpi_module "C:\iverilog\lib\ivl\vhdl_textio.vpi";
:vpi_module "C:\iverilog\lib\ivl\v2005_math.vpi";
:vpi_module "C:\iverilog\lib\ivl\va_math.vpi";
S_000001fa3c7b6620 .scope module, "cir_tb" "cir_tb" 2 12;
 .timescale 0 0;
v000001fa3c802840_0 .net "C", 0 0, L_000001fa3c7a56d0;  1 drivers
v000001fa3c8028e0_0 .net "S", 0 0, L_000001fa3c7a5510;  1 drivers
v000001fa3c802980_0 .var "p", 0 0;
v000001fa3c802a20_0 .var "q", 0 0;
v000001fa3c7b1810_0 .var "r", 0 0;
S_000001fa3c7b67b0 .scope module, "o1" "cir_dl" 2 15, 2 1 0, S_000001fa3c7b6620;
 .timescale 0 0;
    .port_info 0 /INPUT 1 "a";
    .port_info 1 /INPUT 1 "b";
    .port_info 2 /INPUT 1 "cin";
    .port_info 3 /OUTPUT 1 "S";
    .port_info 4 /OUTPUT 1 "cout";
L_000001fa3c7a57b0 .functor XOR 1, v000001fa3c802980_0, v000001fa3c802a20_0, C4<0>, C4<0>;
L_000001fa3c7a5510 .functor XOR 1, L_000001fa3c7a57b0, v000001fa3c7b1810_0, C4<0>, C4<0>;
L_000001fa3c7a55f0 .functor AND 1, v000001fa3c7b1810_0, L_000001fa3c7a57b0, C4<1>, C4<1>;
L_000001fa3c7a5b30 .functor AND 1, v000001fa3c802980_0, v000001fa3c802a20_0, C4<1>, C4<1>;
L_000001fa3c7a56d0 .functor OR 1, L_000001fa3c7a55f0, L_000001fa3c7a5b30, C4<0>, C4<0>;
v000001fa3c7a4e40_0 .net "S", 0 0, L_000001fa3c7a5510;  alias, 1 drivers
v000001fa3c7267e0_0 .net "a", 0 0, v000001fa3c802980_0;  1 drivers
v000001fa3c72a900_0 .net "b", 0 0, v000001fa3c802a20_0;  1 drivers
v000001fa3c729ec0_0 .net "cin", 0 0, v000001fa3c7b1810_0;  1 drivers
v000001fa3c729450_0 .net "cout", 0 0, L_000001fa3c7a56d0;  alias, 1 drivers
v000001fa3c72be80_0 .net "w1", 0 0, L_000001fa3c7a57b0;  1 drivers
v000001fa3c7b6940_0 .net "w2", 0 0, L_000001fa3c7a55f0;  1 drivers
v000001fa3c7b69e0_0 .net "w3", 0 0, L_000001fa3c7a5b30;  1 drivers
    .scope S_000001fa3c7b6620;
T_0 ;
    %pushi/vec4 0, 0, 1;
    %store/vec4 v000001fa3c802980_0, 0, 1;
    %pushi/vec4 0, 0, 1;
    %store/vec4 v000001fa3c802a20_0, 0, 1;
    %pushi/vec4 0, 0, 1;
    %store/vec4 v000001fa3c7b1810_0, 0, 1;
    %vpi_call 2 21 "$monitor", "Time:%0t a=%b b=%b cin=%b sum=%b cout=%b", $time, v000001fa3c802980_0, v000001fa3c802a20_0, v000001fa3c7b1810_0, v000001fa3c8028e0_0, v000001fa3c802840_0 {0 0 0};
    %delay 5, 0;
    %pushi/vec4 0, 0, 1;
    %store/vec4 v000001fa3c802980_0, 0, 1;
    %pushi/vec4 0, 0, 1;
    %store/vec4 v000001fa3c802a20_0, 0, 1;
    %pushi/vec4 0, 0, 1;
    %store/vec4 v000001fa3c7b1810_0, 0, 1;
    %delay 5, 0;
    %pushi/vec4 0, 0, 1;
    %store/vec4 v000001fa3c802980_0, 0, 1;
    %pushi/vec4 0, 0, 1;
    %store/vec4 v000001fa3c802a20_0, 0, 1;
    %pushi/vec4 1, 0, 1;
    %store/vec4 v000001fa3c7b1810_0, 0, 1;
    %delay 5, 0;
    %pushi/vec4 0, 0, 1;
    %store/vec4 v000001fa3c802980_0, 0, 1;
    %pushi/vec4 1, 0, 1;
    %store/vec4 v000001fa3c802a20_0, 0, 1;
    %pushi/vec4 0, 0, 1;
    %store/vec4 v000001fa3c7b1810_0, 0, 1;
    %delay 5, 0;
    %pushi/vec4 0, 0, 1;
    %store/vec4 v000001fa3c802980_0, 0, 1;
    %pushi/vec4 1, 0, 1;
    %store/vec4 v000001fa3c802a20_0, 0, 1;
    %pushi/vec4 1, 0, 1;
    %store/vec4 v000001fa3c7b1810_0, 0, 1;
    %delay 5, 0;
    %pushi/vec4 1, 0, 1;
    %store/vec4 v000001fa3c802980_0, 0, 1;
    %pushi/vec4 0, 0, 1;
    %store/vec4 v000001fa3c802a20_0, 0, 1;
    %pushi/vec4 0, 0, 1;
    %store/vec4 v000001fa3c7b1810_0, 0, 1;
    %delay 5, 0;
    %pushi/vec4 1, 0, 1;
    %store/vec4 v000001fa3c802980_0, 0, 1;
    %pushi/vec4 0, 0, 1;
    %store/vec4 v000001fa3c802a20_0, 0, 1;
    %pushi/vec4 1, 0, 1;
    %store/vec4 v000001fa3c7b1810_0, 0, 1;
    %delay 5, 0;
    %pushi/vec4 1, 0, 1;
    %store/vec4 v000001fa3c802980_0, 0, 1;
    %pushi/vec4 1, 0, 1;
    %store/vec4 v000001fa3c802a20_0, 0, 1;
    %pushi/vec4 0, 0, 1;
    %store/vec4 v000001fa3c7b1810_0, 0, 1;
    %delay 5, 0;
    %pushi/vec4 1, 0, 1;
    %store/vec4 v000001fa3c802980_0, 0, 1;
    %pushi/vec4 1, 0, 1;
    %store/vec4 v000001fa3c802a20_0, 0, 1;
    %pushi/vec4 1, 0, 1;
    %store/vec4 v000001fa3c7b1810_0, 0, 1;
    %end;
    .thread T_0;
# The file index is used to find the file name in the following table.
:file_names 3;
    "N/A";
    "<interactive>";
    "cir_2dl_assign.v";
