#! /c/Source/iverilog-install/bin/vvp
:ivl_version "12.0 (devel)" "(s20150603-1539-g2693dd32b)";
:ivl_delay_selection "TYPICAL";
:vpi_time_precision + 0;
:vpi_module "C:\iverilog\lib\ivl\system.vpi";
:vpi_module "C:\iverilog\lib\ivl\vhdl_sys.vpi";
:vpi_module "C:\iverilog\lib\ivl\vhdl_textio.vpi";
:vpi_module "C:\iverilog\lib\ivl\v2005_math.vpi";
:vpi_module "C:\iverilog\lib\ivl\va_math.vpi";
S_0000016aca67af60 .scope module, "tff_tb" "tff_tb" 2 18;
 .timescale 0 0;
v0000016aca67b900_0 .net "Q", 0 0, v0000016aca6c5b90_0;  1 drivers
v0000016aca67b9a0_0 .var "T", 0 0;
v0000016aca67ba40_0 .var "clk", 0 0;
v0000016aca67bae0_0 .var "reset", 0 0;
S_0000016aca6c5a00 .scope module, "i1" "tff" 2 21, 2 1 0, S_0000016aca67af60;
 .timescale 0 0;
    .port_info 0 /INPUT 1 "T";
    .port_info 1 /INPUT 1 "clk";
    .port_info 2 /OUTPUT 1 "Q";
    .port_info 3 /INPUT 1 "reset";
v0000016aca6c5b90_0 .var "Q", 0 0;
v0000016aca6c5c30_0 .net "T", 0 0, v0000016aca67b9a0_0;  1 drivers
v0000016aca6c5cd0_0 .net "clk", 0 0, v0000016aca67ba40_0;  1 drivers
v0000016aca6c5d70_0 .net "reset", 0 0, v0000016aca67bae0_0;  1 drivers
E_0000016aca67ce20 .event negedge, v0000016aca6c5cd0_0;
    .scope S_0000016aca6c5a00;
T_0 ;
    %wait E_0000016aca67ce20;
    %load/vec4 v0000016aca6c5d70_0;
    %flag_set/vec4 8;
    %jmp/0xz  T_0.0, 8;
    %pushi/vec4 0, 0, 1;
    %store/vec4 v0000016aca6c5b90_0, 0, 1;
    %jmp T_0.1;
T_0.0 ;
    %load/vec4 v0000016aca6c5c30_0;
    %flag_set/vec4 8;
    %jmp/0xz  T_0.2, 8;
    %load/vec4 v0000016aca6c5b90_0;
    %inv;
    %store/vec4 v0000016aca6c5b90_0, 0, 1;
    %jmp T_0.3;
T_0.2 ;
    %load/vec4 v0000016aca6c5b90_0;
    %store/vec4 v0000016aca6c5b90_0, 0, 1;
T_0.3 ;
T_0.1 ;
    %jmp T_0;
    .thread T_0;
    .scope S_0000016aca67af60;
T_1 ;
    %delay 5, 0;
    %load/vec4 v0000016aca67ba40_0;
    %inv;
    %store/vec4 v0000016aca67ba40_0, 0, 1;
    %jmp T_1;
    .thread T_1;
    .scope S_0000016aca67af60;
T_2 ;
    %pushi/vec4 0, 0, 1;
    %store/vec4 v0000016aca67b9a0_0, 0, 1;
    %pushi/vec4 0, 0, 1;
    %store/vec4 v0000016aca67ba40_0, 0, 1;
    %pushi/vec4 1, 0, 1;
    %store/vec4 v0000016aca67bae0_0, 0, 1;
    %vpi_call 2 26 "$monitor", "Time:%0t, T=%b, clk=%b, Q=%b", $time, v0000016aca67b9a0_0, v0000016aca67ba40_0, v0000016aca67b900_0 {0 0 0};
    %delay 5, 0;
    %pushi/vec4 0, 0, 1;
    %store/vec4 v0000016aca67bae0_0, 0, 1;
    %delay 5, 0;
    %pushi/vec4 1, 0, 1;
    %store/vec4 v0000016aca67b9a0_0, 0, 1;
    %delay 5, 0;
    %pushi/vec4 1, 0, 1;
    %store/vec4 v0000016aca67b9a0_0, 0, 1;
    %delay 5, 0;
    %pushi/vec4 1, 0, 1;
    %store/vec4 v0000016aca67b9a0_0, 0, 1;
    %delay 5, 0;
    %pushi/vec4 1, 0, 1;
    %store/vec4 v0000016aca67b9a0_0, 0, 1;
    %delay 5, 0;
    %vpi_call 2 32 "$finish" {0 0 0};
    %end;
    .thread T_2;
# The file index is used to find the file name in the following table.
:file_names 3;
    "N/A";
    "<interactive>";
    "t_flipflop.v";
