#! /c/Source/iverilog-install/bin/vvp
:ivl_version "12.0 (devel)" "(s20150603-1539-g2693dd32b)";
:ivl_delay_selection "TYPICAL";
:vpi_time_precision + 0;
:vpi_module "C:\iverilog\lib\ivl\system.vpi";
:vpi_module "C:\iverilog\lib\ivl\vhdl_sys.vpi";
:vpi_module "C:\iverilog\lib\ivl\vhdl_textio.vpi";
:vpi_module "C:\iverilog\lib\ivl\v2005_math.vpi";
:vpi_module "C:\iverilog\lib\ivl\va_math.vpi";
S_0000016bc800d8f0 .scope module, "a_counter_3_tb" "a_counter_3_tb" 2 27;
 .timescale 0 0;
v0000016bc7ea1c60_0 .net "Q", 2 0, L_0000016bc7ea1ee0;  1 drivers
v0000016bc7ea18a0_0 .var "T", 2 0;
v0000016bc7ea1800_0 .var "clk", 0 0;
v0000016bc7ea2480_0 .var "reset", 0 0;
S_0000016bc800da80 .scope module, "i1" "a_counter_3" 2 31, 2 18 0, S_0000016bc800d8f0;
 .timescale 0 0;
    .port_info 0 /INPUT 3 "T";
    .port_info 1 /OUTPUT 3 "Q";
    .port_info 2 /INPUT 1 "clk";
    .port_info 3 /INPUT 1 "reset";
L_0000016bc8006d40 .functor NOT 1, L_0000016bc7ea1e40, C4<0>, C4<0>, C4<0>;
L_0000016bc8006ea0 .functor NOT 1, L_0000016bc7ea20c0, C4<0>, C4<0>, C4<0>;
v0000016bc7ea16c0_0 .net "Q", 2 0, L_0000016bc7ea1ee0;  alias, 1 drivers
v0000016bc7ea1a80_0 .net "T", 2 0, v0000016bc7ea18a0_0;  1 drivers
v0000016bc7ea2160_0 .net *"_ivl_15", 0 0, L_0000016bc7ea20c0;  1 drivers
v0000016bc7ea1b20_0 .net *"_ivl_7", 0 0, L_0000016bc7ea1e40;  1 drivers
v0000016bc7ea23e0_0 .net "clk", 0 0, v0000016bc7ea1800_0;  1 drivers
v0000016bc7ea1f80_0 .net "reset", 0 0, v0000016bc7ea2480_0;  1 drivers
L_0000016bc7ea1d00 .part v0000016bc7ea18a0_0, 0, 1;
L_0000016bc7ea1940 .part v0000016bc7ea18a0_0, 1, 1;
L_0000016bc7ea1e40 .part L_0000016bc7ea1ee0, 0, 1;
L_0000016bc7ea2020 .part v0000016bc7ea18a0_0, 2, 1;
L_0000016bc7ea20c0 .part L_0000016bc7ea1ee0, 1, 1;
L_0000016bc7ea1ee0 .concat8 [ 1 1 1 0], v0000016bc7e973c0_0, v0000016bc8006880_0, v0000016bc7ea1da0_0;
S_0000016bc80064c0 .scope module, "i1" "tff" 2 22, 2 1 0, S_0000016bc800da80;
 .timescale 0 0;
    .port_info 0 /INPUT 1 "T";
    .port_info 1 /INPUT 1 "clk";
    .port_info 2 /OUTPUT 1 "Q";
    .port_info 3 /INPUT 1 "reset";
v0000016bc7e973c0_0 .var "Q", 0 0;
v0000016bc7ea5db0_0 .net "T", 0 0, L_0000016bc7ea1d00;  1 drivers
v0000016bc7e94e60_0 .net "clk", 0 0, v0000016bc7ea1800_0;  alias, 1 drivers
v0000016bc8006650_0 .net "reset", 0 0, v0000016bc7ea2480_0;  alias, 1 drivers
E_0000016bc7ea80b0 .event posedge, v0000016bc7e94e60_0;
S_0000016bc80066f0 .scope module, "i2" "tff" 2 23, 2 1 0, S_0000016bc800da80;
 .timescale 0 0;
    .port_info 0 /INPUT 1 "T";
    .port_info 1 /INPUT 1 "clk";
    .port_info 2 /OUTPUT 1 "Q";
    .port_info 3 /INPUT 1 "reset";
v0000016bc8006880_0 .var "Q", 0 0;
v0000016bc7e97af0_0 .net "T", 0 0, L_0000016bc7ea1940;  1 drivers
v0000016bc7e97b90_0 .net "clk", 0 0, L_0000016bc8006d40;  1 drivers
v0000016bc7ea1bc0_0 .net "reset", 0 0, v0000016bc7ea2480_0;  alias, 1 drivers
E_0000016bc7ea8b30 .event posedge, v0000016bc7e97b90_0;
S_0000016bc7e97c30 .scope module, "i3" "tff" 2 24, 2 1 0, S_0000016bc800da80;
 .timescale 0 0;
    .port_info 0 /INPUT 1 "T";
    .port_info 1 /INPUT 1 "clk";
    .port_info 2 /OUTPUT 1 "Q";
    .port_info 3 /INPUT 1 "reset";
v0000016bc7ea1da0_0 .var "Q", 0 0;
v0000016bc7ea22a0_0 .net "T", 0 0, L_0000016bc7ea2020;  1 drivers
v0000016bc7ea2340_0 .net "clk", 0 0, L_0000016bc8006ea0;  1 drivers
v0000016bc7ea1620_0 .net "reset", 0 0, v0000016bc7ea2480_0;  alias, 1 drivers
E_0000016bc7ea8130 .event posedge, v0000016bc7ea2340_0;
    .scope S_0000016bc80064c0;
T_0 ;
    %wait E_0000016bc7ea80b0;
    %load/vec4 v0000016bc8006650_0;
    %flag_set/vec4 8;
    %jmp/0xz  T_0.0, 8;
    %pushi/vec4 0, 0, 1;
    %store/vec4 v0000016bc7e973c0_0, 0, 1;
    %jmp T_0.1;
T_0.0 ;
    %load/vec4 v0000016bc7ea5db0_0;
    %flag_set/vec4 8;
    %jmp/0xz  T_0.2, 8;
    %load/vec4 v0000016bc7e973c0_0;
    %inv;
    %store/vec4 v0000016bc7e973c0_0, 0, 1;
    %jmp T_0.3;
T_0.2 ;
    %load/vec4 v0000016bc7e973c0_0;
    %store/vec4 v0000016bc7e973c0_0, 0, 1;
T_0.3 ;
T_0.1 ;
    %jmp T_0;
    .thread T_0;
    .scope S_0000016bc80066f0;
T_1 ;
    %wait E_0000016bc7ea8b30;
    %load/vec4 v0000016bc7ea1bc0_0;
    %flag_set/vec4 8;
    %jmp/0xz  T_1.0, 8;
    %pushi/vec4 0, 0, 1;
    %store/vec4 v0000016bc8006880_0, 0, 1;
    %jmp T_1.1;
T_1.0 ;
    %load/vec4 v0000016bc7e97af0_0;
    %flag_set/vec4 8;
    %jmp/0xz  T_1.2, 8;
    %load/vec4 v0000016bc8006880_0;
    %inv;
    %store/vec4 v0000016bc8006880_0, 0, 1;
    %jmp T_1.3;
T_1.2 ;
    %load/vec4 v0000016bc8006880_0;
    %store/vec4 v0000016bc8006880_0, 0, 1;
T_1.3 ;
T_1.1 ;
    %jmp T_1;
    .thread T_1;
    .scope S_0000016bc7e97c30;
T_2 ;
    %wait E_0000016bc7ea8130;
    %load/vec4 v0000016bc7ea1620_0;
    %flag_set/vec4 8;
    %jmp/0xz  T_2.0, 8;
    %pushi/vec4 0, 0, 1;
    %store/vec4 v0000016bc7ea1da0_0, 0, 1;
    %jmp T_2.1;
T_2.0 ;
    %load/vec4 v0000016bc7ea22a0_0;
    %flag_set/vec4 8;
    %jmp/0xz  T_2.2, 8;
    %load/vec4 v0000016bc7ea1da0_0;
    %inv;
    %store/vec4 v0000016bc7ea1da0_0, 0, 1;
    %jmp T_2.3;
T_2.2 ;
    %load/vec4 v0000016bc7ea1da0_0;
    %store/vec4 v0000016bc7ea1da0_0, 0, 1;
T_2.3 ;
T_2.1 ;
    %jmp T_2;
    .thread T_2;
    .scope S_0000016bc800d8f0;
T_3 ;
    %delay 5, 0;
    %load/vec4 v0000016bc7ea1800_0;
    %inv;
    %store/vec4 v0000016bc7ea1800_0, 0, 1;
    %jmp T_3;
    .thread T_3;
    .scope S_0000016bc800d8f0;
T_4 ;
    %pushi/vec4 0, 0, 3;
    %store/vec4 v0000016bc7ea18a0_0, 0, 3;
    %pushi/vec4 1, 0, 1;
    %store/vec4 v0000016bc7ea2480_0, 0, 1;
    %pushi/vec4 0, 0, 1;
    %store/vec4 v0000016bc7ea1800_0, 0, 1;
    %vpi_call 2 36 "$monitor", "Time=%f, T=%3b, clk=%b, Q=%3b reset=%b", $time, v0000016bc7ea18a0_0, v0000016bc7ea1800_0, v0000016bc7ea1c60_0, v0000016bc7ea2480_0 {0 0 0};
    %delay 10, 0;
    %pushi/vec4 0, 0, 1;
    %store/vec4 v0000016bc7ea2480_0, 0, 1;
    %delay 10, 0;
    %pushi/vec4 7, 0, 3;
    %store/vec4 v0000016bc7ea18a0_0, 0, 3;
    %delay 80, 0;
    %vpi_call 2 39 "$finish" {0 0 0};
    %end;
    .thread T_4;
# The file index is used to find the file name in the following table.
:file_names 3;
    "N/A";
    "<interactive>";
    "Asynch_counter_tff.v";
