#! /c/Source/iverilog-install/bin/vvp
:ivl_version "12.0 (devel)" "(s20150603-1539-g2693dd32b)";
:ivl_delay_selection "TYPICAL";
:vpi_time_precision + 0;
:vpi_module "C:\iverilog\lib\ivl\system.vpi";
:vpi_module "C:\iverilog\lib\ivl\vhdl_sys.vpi";
:vpi_module "C:\iverilog\lib\ivl\vhdl_textio.vpi";
:vpi_module "C:\iverilog\lib\ivl\v2005_math.vpi";
:vpi_module "C:\iverilog\lib\ivl\va_math.vpi";
S_000001c962448700 .scope module, "pipo_tb" "pipo_tb" 2 22;
 .timescale 0 0;
v000001c9624a9e20_0 .var "clk", 0 0;
v000001c9624aa1e0_0 .var "in", 3 0;
v000001c9624aa500_0 .net "out", 3 0, L_000001c9624a9ba0;  1 drivers
S_000001c962448890 .scope module, "i" "pipo" 2 26, 2 11 0, S_000001c962448700;
 .timescale 0 0;
    .port_info 0 /INPUT 4 "in";
    .port_info 1 /OUTPUT 4 "out";
    .port_info 2 /INPUT 1 "clk";
v000001c9624a9d80_0 .net "clk", 0 0, v000001c9624a9e20_0;  1 drivers
v000001c9624aa140_0 .net "in", 3 0, v000001c9624aa1e0_0;  1 drivers
v000001c9624a9920_0 .net "out", 3 0, L_000001c9624a9ba0;  alias, 1 drivers
L_000001c9624a9ec0 .part v000001c9624aa1e0_0, 0, 1;
L_000001c9624a9b00 .part v000001c9624aa1e0_0, 1, 1;
L_000001c9624aa6e0 .part v000001c9624aa1e0_0, 2, 1;
L_000001c9624aa5a0 .part v000001c9624aa1e0_0, 3, 1;
L_000001c9624a9ba0 .concat8 [ 1 1 1 1], v000001c9624460c0_0, v000001c9624473c0_0, v000001c96240daf0_0, v000001c962455570_0;
S_000001c96240d7d0 .scope module, "i1" "dff" 2 16, 2 1 0, S_000001c962448890;
 .timescale 0 0;
    .port_info 0 /INPUT 1 "D";
    .port_info 1 /INPUT 1 "clk";
    .port_info 2 /OUTPUT 1 "Q";
v000001c962448470_0 .net "D", 0 0, L_000001c9624a9ec0;  1 drivers
v000001c9624460c0_0 .var "Q", 0 0;
v000001c962445640_0 .net "clk", 0 0, v000001c9624a9e20_0;  alias, 1 drivers
E_000001c9624587f0 .event posedge, v000001c962445640_0;
S_000001c96240d960 .scope module, "i2" "dff" 2 17, 2 1 0, S_000001c962448890;
 .timescale 0 0;
    .port_info 0 /INPUT 1 "D";
    .port_info 1 /INPUT 1 "clk";
    .port_info 2 /OUTPUT 1 "Q";
v000001c9624485b0_0 .net "D", 0 0, L_000001c9624a9b00;  1 drivers
v000001c9624473c0_0 .var "Q", 0 0;
v000001c962445810_0 .net "clk", 0 0, v000001c9624a9e20_0;  alias, 1 drivers
S_000001c9624551b0 .scope module, "i3" "dff" 2 18, 2 1 0, S_000001c962448890;
 .timescale 0 0;
    .port_info 0 /INPUT 1 "D";
    .port_info 1 /INPUT 1 "clk";
    .port_info 2 /OUTPUT 1 "Q";
v000001c962448a20_0 .net "D", 0 0, L_000001c9624aa6e0;  1 drivers
v000001c96240daf0_0 .var "Q", 0 0;
v000001c96240db90_0 .net "clk", 0 0, v000001c9624a9e20_0;  alias, 1 drivers
S_000001c962455340 .scope module, "i4" "dff" 2 19, 2 1 0, S_000001c962448890;
 .timescale 0 0;
    .port_info 0 /INPUT 1 "D";
    .port_info 1 /INPUT 1 "clk";
    .port_info 2 /OUTPUT 1 "Q";
v000001c9624554d0_0 .net "D", 0 0, L_000001c9624aa5a0;  1 drivers
v000001c962455570_0 .var "Q", 0 0;
v000001c9624a1820_0 .net "clk", 0 0, v000001c9624a9e20_0;  alias, 1 drivers
    .scope S_000001c96240d7d0;
T_0 ;
    %wait E_000001c9624587f0;
    %load/vec4 v000001c962448470_0;
    %store/vec4 v000001c9624460c0_0, 0, 1;
    %jmp T_0;
    .thread T_0;
    .scope S_000001c96240d960;
T_1 ;
    %wait E_000001c9624587f0;
    %load/vec4 v000001c9624485b0_0;
    %store/vec4 v000001c9624473c0_0, 0, 1;
    %jmp T_1;
    .thread T_1;
    .scope S_000001c9624551b0;
T_2 ;
    %wait E_000001c9624587f0;
    %load/vec4 v000001c962448a20_0;
    %store/vec4 v000001c96240daf0_0, 0, 1;
    %jmp T_2;
    .thread T_2;
    .scope S_000001c962455340;
T_3 ;
    %wait E_000001c9624587f0;
    %load/vec4 v000001c9624554d0_0;
    %store/vec4 v000001c962455570_0, 0, 1;
    %jmp T_3;
    .thread T_3;
    .scope S_000001c962448700;
T_4 ;
    %delay 5, 0;
    %load/vec4 v000001c9624a9e20_0;
    %inv;
    %store/vec4 v000001c9624a9e20_0, 0, 1;
    %jmp T_4;
    .thread T_4;
    .scope S_000001c962448700;
T_5 ;
    %pushi/vec4 10, 0, 4;
    %store/vec4 v000001c9624aa1e0_0, 0, 4;
    %pushi/vec4 0, 0, 1;
    %store/vec4 v000001c9624a9e20_0, 0, 1;
    %vpi_call 2 31 "$monitor", "Time:%0t, in:%4b, clk:%b, out:%4b", $time, v000001c9624aa1e0_0, v000001c9624a9e20_0, v000001c9624aa500_0 {0 0 0};
    %delay 10, 0;
    %pushi/vec4 5, 0, 4;
    %store/vec4 v000001c9624aa1e0_0, 0, 4;
    %delay 10, 0;
    %pushi/vec4 2, 0, 4;
    %store/vec4 v000001c9624aa1e0_0, 0, 4;
    %delay 10, 0;
    %pushi/vec4 1, 0, 4;
    %store/vec4 v000001c9624aa1e0_0, 0, 4;
    %delay 10, 0;
    %pushi/vec4 0, 0, 4;
    %store/vec4 v000001c9624aa1e0_0, 0, 4;
    %delay 20, 0;
    %vpi_call 2 36 "$finish" {0 0 0};
    %end;
    .thread T_5;
# The file index is used to find the file name in the following table.
:file_names 3;
    "N/A";
    "<interactive>";
    "PIPO_dff_assign.v";
