#! /c/Source/iverilog-install/bin/vvp
:ivl_version "12.0 (devel)" "(s20150603-1539-g2693dd32b)";
:ivl_delay_selection "TYPICAL";
:vpi_time_precision + 0;
:vpi_module "C:\iverilog\lib\ivl\system.vpi";
:vpi_module "C:\iverilog\lib\ivl\vhdl_sys.vpi";
:vpi_module "C:\iverilog\lib\ivl\vhdl_textio.vpi";
:vpi_module "C:\iverilog\lib\ivl\v2005_math.vpi";
:vpi_module "C:\iverilog\lib\ivl\va_math.vpi";
S_00000159831ad240 .scope module, "ring_counter_tb" "ring_counter_tb" 2 29;
 .timescale 0 0;
v0000015983205510_0 .net "Q", 3 0, L_0000015983204a70;  1 drivers
v00000159832055b0_0 .var "clk", 0 0;
v0000015983205330_0 .var "start", 0 0;
S_000001598312e720 .scope module, "i" "ring_counter" 2 32, 2 17 0, S_00000159831ad240;
 .timescale 0 0;
    .port_info 0 /INPUT 1 "start";
    .port_info 1 /INPUT 1 "clk";
    .port_info 2 /OUTPUT 4 "Q";
L_0000015983126d60 .functor NOT 1, v0000015983205330_0, C4<0>, C4<0>, C4<0>;
L_0000015983126ec0 .functor NOT 1, v0000015983205330_0, C4<0>, C4<0>, C4<0>;
v00000159831ac8c0_0 .net "Q", 3 0, L_0000015983204a70;  alias, 1 drivers
v00000159831ace60_0 .net "clk", 0 0, v00000159832055b0_0;  1 drivers
v00000159831acaa0_0 .net "clr", 0 0, L_0000015983126ec0;  1 drivers
v00000159831acbe0_0 .net "preset", 0 0, L_0000015983126d60;  1 drivers
v0000015983205650_0 .net "start", 0 0, v0000015983205330_0;  1 drivers
L_0000015983205290 .part L_0000015983204a70, 0, 1;
L_0000015983204bb0 .part L_0000015983204a70, 3, 1;
L_0000015983205c90 .part L_0000015983204a70, 2, 1;
L_0000015983205470 .part L_0000015983204a70, 1, 1;
L_0000015983204a70 .concat8 [ 1 1 1 1], v00000159831ac820_0, v00000159831ac320_0, v00000159831ad180_0, v00000159831acdc0_0;
S_000001598312e8b0 .scope module, "i1" "dff" 2 23, 2 1 0, S_000001598312e720;
 .timescale 0 0;
    .port_info 0 /INPUT 1 "D";
    .port_info 1 /INPUT 1 "clk";
    .port_info 2 /OUTPUT 1 "Q";
    .port_info 3 /INPUT 1 "preset";
    .port_info 4 /INPUT 1 "clr";
v00000159831acf00_0 .net "D", 0 0, L_0000015983205290;  1 drivers
v00000159831acdc0_0 .var "Q", 0 0;
v00000159831ad0e0_0 .net "clk", 0 0, v00000159832055b0_0;  alias, 1 drivers
L_0000015983206038 .functor BUFT 1, C4<0>, C4<0>, C4<0>, C4<0>;
v00000159831acc80_0 .net "clr", 0 0, L_0000015983206038;  1 drivers
v00000159831ad040_0 .net "preset", 0 0, L_0000015983126d60;  alias, 1 drivers
E_00000159831a9af0 .event posedge, v00000159831ad0e0_0;
S_0000015983126440 .scope module, "i2" "dff" 2 24, 2 1 0, S_000001598312e720;
 .timescale 0 0;
    .port_info 0 /INPUT 1 "D";
    .port_info 1 /INPUT 1 "clk";
    .port_info 2 /OUTPUT 1 "Q";
    .port_info 3 /INPUT 1 "preset";
    .port_info 4 /INPUT 1 "clr";
v00000159831ac640_0 .net "D", 0 0, L_0000015983204bb0;  1 drivers
v00000159831ad180_0 .var "Q", 0 0;
v00000159831acb40_0 .net "clk", 0 0, v00000159832055b0_0;  alias, 1 drivers
v00000159831ac500_0 .net "clr", 0 0, L_0000015983126ec0;  alias, 1 drivers
L_0000015983206080 .functor BUFT 1, C4<0>, C4<0>, C4<0>, C4<0>;
v00000159831ac280_0 .net "preset", 0 0, L_0000015983206080;  1 drivers
S_00000159831265d0 .scope module, "i3" "dff" 2 25, 2 1 0, S_000001598312e720;
 .timescale 0 0;
    .port_info 0 /INPUT 1 "D";
    .port_info 1 /INPUT 1 "clk";
    .port_info 2 /OUTPUT 1 "Q";
    .port_info 3 /INPUT 1 "preset";
    .port_info 4 /INPUT 1 "clr";
v00000159831ac780_0 .net "D", 0 0, L_0000015983205c90;  1 drivers
v00000159831ac320_0 .var "Q", 0 0;
v00000159831acd20_0 .net "clk", 0 0, v00000159832055b0_0;  alias, 1 drivers
v00000159831ac6e0_0 .net "clr", 0 0, L_0000015983126ec0;  alias, 1 drivers
L_00000159832060c8 .functor BUFT 1, C4<0>, C4<0>, C4<0>, C4<0>;
v00000159831acfa0_0 .net "preset", 0 0, L_00000159832060c8;  1 drivers
S_00000159831b4060 .scope module, "i4" "dff" 2 26, 2 1 0, S_000001598312e720;
 .timescale 0 0;
    .port_info 0 /INPUT 1 "D";
    .port_info 1 /INPUT 1 "clk";
    .port_info 2 /OUTPUT 1 "Q";
    .port_info 3 /INPUT 1 "preset";
    .port_info 4 /INPUT 1 "clr";
v00000159831ac460_0 .net "D", 0 0, L_0000015983205470;  1 drivers
v00000159831ac820_0 .var "Q", 0 0;
v00000159831aca00_0 .net "clk", 0 0, v00000159832055b0_0;  alias, 1 drivers
v00000159831ac5a0_0 .net "clr", 0 0, L_0000015983126ec0;  alias, 1 drivers
L_0000015983206110 .functor BUFT 1, C4<0>, C4<0>, C4<0>, C4<0>;
v00000159831ac960_0 .net "preset", 0 0, L_0000015983206110;  1 drivers
    .scope S_000001598312e8b0;
T_0 ;
    %wait E_00000159831a9af0;
    %load/vec4 v00000159831ad040_0;
    %flag_set/vec4 8;
    %jmp/0xz  T_0.0, 8;
    %pushi/vec4 1, 0, 1;
    %store/vec4 v00000159831acdc0_0, 0, 1;
    %jmp T_0.1;
T_0.0 ;
    %load/vec4 v00000159831acc80_0;
    %flag_set/vec4 8;
    %jmp/0xz  T_0.2, 8;
    %pushi/vec4 0, 0, 1;
    %store/vec4 v00000159831acdc0_0, 0, 1;
    %jmp T_0.3;
T_0.2 ;
    %load/vec4 v00000159831acf00_0;
    %store/vec4 v00000159831acdc0_0, 0, 1;
T_0.3 ;
T_0.1 ;
    %jmp T_0;
    .thread T_0;
    .scope S_0000015983126440;
T_1 ;
    %wait E_00000159831a9af0;
    %load/vec4 v00000159831ac280_0;
    %flag_set/vec4 8;
    %jmp/0xz  T_1.0, 8;
    %pushi/vec4 1, 0, 1;
    %store/vec4 v00000159831ad180_0, 0, 1;
    %jmp T_1.1;
T_1.0 ;
    %load/vec4 v00000159831ac500_0;
    %flag_set/vec4 8;
    %jmp/0xz  T_1.2, 8;
    %pushi/vec4 0, 0, 1;
    %store/vec4 v00000159831ad180_0, 0, 1;
    %jmp T_1.3;
T_1.2 ;
    %load/vec4 v00000159831ac640_0;
    %store/vec4 v00000159831ad180_0, 0, 1;
T_1.3 ;
T_1.1 ;
    %jmp T_1;
    .thread T_1;
    .scope S_00000159831265d0;
T_2 ;
    %wait E_00000159831a9af0;
    %load/vec4 v00000159831acfa0_0;
    %flag_set/vec4 8;
    %jmp/0xz  T_2.0, 8;
    %pushi/vec4 1, 0, 1;
    %store/vec4 v00000159831ac320_0, 0, 1;
    %jmp T_2.1;
T_2.0 ;
    %load/vec4 v00000159831ac6e0_0;
    %flag_set/vec4 8;
    %jmp/0xz  T_2.2, 8;
    %pushi/vec4 0, 0, 1;
    %store/vec4 v00000159831ac320_0, 0, 1;
    %jmp T_2.3;
T_2.2 ;
    %load/vec4 v00000159831ac780_0;
    %store/vec4 v00000159831ac320_0, 0, 1;
T_2.3 ;
T_2.1 ;
    %jmp T_2;
    .thread T_2;
    .scope S_00000159831b4060;
T_3 ;
    %wait E_00000159831a9af0;
    %load/vec4 v00000159831ac960_0;
    %flag_set/vec4 8;
    %jmp/0xz  T_3.0, 8;
    %pushi/vec4 1, 0, 1;
    %store/vec4 v00000159831ac820_0, 0, 1;
    %jmp T_3.1;
T_3.0 ;
    %load/vec4 v00000159831ac5a0_0;
    %flag_set/vec4 8;
    %jmp/0xz  T_3.2, 8;
    %pushi/vec4 0, 0, 1;
    %store/vec4 v00000159831ac820_0, 0, 1;
    %jmp T_3.3;
T_3.2 ;
    %load/vec4 v00000159831ac460_0;
    %store/vec4 v00000159831ac820_0, 0, 1;
T_3.3 ;
T_3.1 ;
    %jmp T_3;
    .thread T_3;
    .scope S_00000159831ad240;
T_4 ;
    %delay 5, 0;
    %load/vec4 v00000159832055b0_0;
    %inv;
    %store/vec4 v00000159832055b0_0, 0, 1;
    %jmp T_4;
    .thread T_4;
    .scope S_00000159831ad240;
T_5 ;
    %pushi/vec4 0, 0, 1;
    %store/vec4 v00000159832055b0_0, 0, 1;
    %pushi/vec4 0, 0, 1;
    %store/vec4 v0000015983205330_0, 0, 1;
    %vpi_call 2 37 "$monitor", "Time:%f, clk=%b, Q=%4b", $time, v00000159832055b0_0, v0000015983205510_0 {0 0 0};
    %delay 10, 0;
    %pushi/vec4 1, 0, 1;
    %store/vec4 v0000015983205330_0, 0, 1;
    %delay 100, 0;
    %vpi_call 2 39 "$finish" {0 0 0};
    %end;
    .thread T_5;
# The file index is used to find the file name in the following table.
:file_names 3;
    "N/A";
    "<interactive>";
    "ring_counter_assign.v";
