#! /c/Source/iverilog-install/bin/vvp
:ivl_version "12.0 (devel)" "(s20150603-1539-g2693dd32b)";
:ivl_delay_selection "TYPICAL";
:vpi_time_precision + 0;
:vpi_module "C:\iverilog\lib\ivl\system.vpi";
:vpi_module "C:\iverilog\lib\ivl\vhdl_sys.vpi";
:vpi_module "C:\iverilog\lib\ivl\vhdl_textio.vpi";
:vpi_module "C:\iverilog\lib\ivl\v2005_math.vpi";
:vpi_module "C:\iverilog\lib\ivl\va_math.vpi";
S_00000247e6b3bbb0 .scope module, "sipo_tb" "sipo_tb" 2 20;
 .timescale 0 0;
v00000247e6b81810_0 .var "clk", 0 0;
v00000247e6b81b30_0 .var "in", 0 0;
v00000247e6b82350_0 .net "out", 3 0, L_00000247e6b82030;  1 drivers
S_00000247e6b3b840 .scope module, "i" "sipo" 2 23, 2 11 0, S_00000247e6b3bbb0;
 .timescale 0 0;
    .port_info 0 /INPUT 1 "in";
    .port_info 1 /OUTPUT 4 "out";
    .port_info 2 /INPUT 1 "clk";
v00000247e6b81720_0 .net "clk", 0 0, v00000247e6b81810_0;  1 drivers
v00000247e6b825d0_0 .net "in", 0 0, v00000247e6b81b30_0;  1 drivers
v00000247e6b822b0_0 .net "out", 3 0, L_00000247e6b82030;  alias, 1 drivers
L_00000247e6b81bd0 .part L_00000247e6b82030, 0, 1;
L_00000247e6b82670 .part L_00000247e6b82030, 1, 1;
L_00000247e6b82170 .part L_00000247e6b82030, 2, 1;
L_00000247e6b82030 .concat8 [ 1 1 1 1], v00000247e6b3b9d0_0, v00000247e6b36480_0, v00000247e6b367f0_0, v00000247e6b85480_0;
S_00000247e6b786b0 .scope module, "i1" "dff" 2 14, 2 1 0, S_00000247e6b3b840;
 .timescale 0 0;
    .port_info 0 /INPUT 1 "D";
    .port_info 1 /INPUT 1 "clk";
    .port_info 2 /OUTPUT 1 "Q";
v00000247e6b78560_0 .net "D", 0 0, v00000247e6b81b30_0;  alias, 1 drivers
v00000247e6b3b9d0_0 .var "Q", 0 0;
v00000247e6b3beb0_0 .net "clk", 0 0, v00000247e6b81810_0;  alias, 1 drivers
E_00000247e6b39c10 .event posedge, v00000247e6b3beb0_0;
S_00000247e6b78840 .scope module, "i2" "dff" 2 15, 2 1 0, S_00000247e6b3b840;
 .timescale 0 0;
    .port_info 0 /INPUT 1 "D";
    .port_info 1 /INPUT 1 "clk";
    .port_info 2 /OUTPUT 1 "Q";
v00000247e6b789d0_0 .net "D", 0 0, L_00000247e6b81bd0;  1 drivers
v00000247e6b36480_0 .var "Q", 0 0;
v00000247e6b36520_0 .net "clk", 0 0, v00000247e6b81810_0;  alias, 1 drivers
S_00000247e6b365c0 .scope module, "i3" "dff" 2 16, 2 1 0, S_00000247e6b3b840;
 .timescale 0 0;
    .port_info 0 /INPUT 1 "D";
    .port_info 1 /INPUT 1 "clk";
    .port_info 2 /OUTPUT 1 "Q";
v00000247e6b36750_0 .net "D", 0 0, L_00000247e6b82670;  1 drivers
v00000247e6b367f0_0 .var "Q", 0 0;
v00000247e6b851b0_0 .net "clk", 0 0, v00000247e6b81810_0;  alias, 1 drivers
S_00000247e6b85250 .scope module, "i4" "dff" 2 17, 2 1 0, S_00000247e6b3b840;
 .timescale 0 0;
    .port_info 0 /INPUT 1 "D";
    .port_info 1 /INPUT 1 "clk";
    .port_info 2 /OUTPUT 1 "Q";
v00000247e6b853e0_0 .net "D", 0 0, L_00000247e6b82170;  1 drivers
v00000247e6b85480_0 .var "Q", 0 0;
v00000247e6b85520_0 .net "clk", 0 0, v00000247e6b81810_0;  alias, 1 drivers
    .scope S_00000247e6b786b0;
T_0 ;
    %wait E_00000247e6b39c10;
    %load/vec4 v00000247e6b78560_0;
    %store/vec4 v00000247e6b3b9d0_0, 0, 1;
    %jmp T_0;
    .thread T_0;
    .scope S_00000247e6b78840;
T_1 ;
    %wait E_00000247e6b39c10;
    %load/vec4 v00000247e6b789d0_0;
    %store/vec4 v00000247e6b36480_0, 0, 1;
    %jmp T_1;
    .thread T_1;
    .scope S_00000247e6b365c0;
T_2 ;
    %wait E_00000247e6b39c10;
    %load/vec4 v00000247e6b36750_0;
    %store/vec4 v00000247e6b367f0_0, 0, 1;
    %jmp T_2;
    .thread T_2;
    .scope S_00000247e6b85250;
T_3 ;
    %wait E_00000247e6b39c10;
    %load/vec4 v00000247e6b853e0_0;
    %store/vec4 v00000247e6b85480_0, 0, 1;
    %jmp T_3;
    .thread T_3;
    .scope S_00000247e6b3bbb0;
T_4 ;
    %delay 5, 0;
    %load/vec4 v00000247e6b81810_0;
    %inv;
    %store/vec4 v00000247e6b81810_0, 0, 1;
    %jmp T_4;
    .thread T_4;
    .scope S_00000247e6b3bbb0;
T_5 ;
    %pushi/vec4 0, 0, 1;
    %store/vec4 v00000247e6b81b30_0, 0, 1;
    %pushi/vec4 0, 0, 1;
    %store/vec4 v00000247e6b81810_0, 0, 1;
    %vpi_call 2 28 "$monitor", "Time:%f, in:%b, clk:%b, out:%4b", $time, v00000247e6b81b30_0, v00000247e6b81810_0, v00000247e6b82350_0 {0 0 0};
    %delay 10, 0;
    %pushi/vec4 1, 0, 1;
    %store/vec4 v00000247e6b81b30_0, 0, 1;
    %delay 10, 0;
    %pushi/vec4 0, 0, 1;
    %store/vec4 v00000247e6b81b30_0, 0, 1;
    %delay 10, 0;
    %pushi/vec4 1, 0, 1;
    %store/vec4 v00000247e6b81b30_0, 0, 1;
    %delay 10, 0;
    %pushi/vec4 0, 0, 1;
    %store/vec4 v00000247e6b81b30_0, 0, 1;
    %delay 60, 0;
    %vpi_call 2 33 "$finish" {0 0 0};
    %end;
    .thread T_5;
# The file index is used to find the file name in the following table.
:file_names 3;
    "N/A";
    "<interactive>";
    "SIPO_dff.v";
