#! /c/Source/iverilog-install/bin/vvp
:ivl_version "12.0 (devel)" "(s20150603-1539-g2693dd32b)";
:ivl_delay_selection "TYPICAL";
:vpi_time_precision + 0;
:vpi_module "C:\iverilog\lib\ivl\system.vpi";
:vpi_module "C:\iverilog\lib\ivl\vhdl_sys.vpi";
:vpi_module "C:\iverilog\lib\ivl\vhdl_textio.vpi";
:vpi_module "C:\iverilog\lib\ivl\v2005_math.vpi";
:vpi_module "C:\iverilog\lib\ivl\va_math.vpi";
S_000002b72d65bd60 .scope module, "siso_tb" "siso_tb" 2 21;
 .timescale 0 0;
v000002b72d4e17d0_0 .var "clk", 0 0;
v000002b72d4e1e10_0 .var "in", 0 0;
v000002b72d4e2090_0 .net "out", 0 0, v000002b72d4e1460_0;  1 drivers
S_000002b72d4d8270 .scope module, "i" "siso" 2 24, 2 11 0, S_000002b72d65bd60;
 .timescale 0 0;
    .port_info 0 /INPUT 1 "in";
    .port_info 1 /OUTPUT 1 "out";
    .port_info 2 /INPUT 1 "clk";
v000002b72d4e15a0_0 .net "Q", 2 0, L_000002b72d4e21d0;  1 drivers
v000002b72d4e1640_0 .net "clk", 0 0, v000002b72d4e17d0_0;  1 drivers
v000002b72d4e16e0_0 .net "in", 0 0, v000002b72d4e1e10_0;  1 drivers
v000002b72d4e2270_0 .net "out", 0 0, v000002b72d4e1460_0;  alias, 1 drivers
L_000002b72d4e1a50 .part L_000002b72d4e21d0, 0, 1;
L_000002b72d4e2450 .part L_000002b72d4e21d0, 1, 1;
L_000002b72d4e21d0 .concat8 [ 1 1 1 0], v000002b72d656480_0, v000002b72d6567f0_0, v000002b72d4e5480_0;
L_000002b72d4e2310 .part L_000002b72d4e21d0, 2, 1;
S_000002b72d4d8400 .scope module, "i1" "dff" 2 15, 2 1 0, S_000002b72d4d8270;
 .timescale 0 0;
    .port_info 0 /INPUT 1 "D";
    .port_info 1 /INPUT 1 "clk";
    .port_info 2 /OUTPUT 1 "Q";
v000002b72d4d6800_0 .net "D", 0 0, v000002b72d4e1e10_0;  alias, 1 drivers
v000002b72d656480_0 .var "Q", 0 0;
v000002b72d656520_0 .net "clk", 0 0, v000002b72d4e17d0_0;  alias, 1 drivers
E_000002b72d65a410 .event posedge, v000002b72d656520_0;
S_000002b72d6565c0 .scope module, "i2" "dff" 2 16, 2 1 0, S_000002b72d4d8270;
 .timescale 0 0;
    .port_info 0 /INPUT 1 "D";
    .port_info 1 /INPUT 1 "clk";
    .port_info 2 /OUTPUT 1 "Q";
v000002b72d656750_0 .net "D", 0 0, L_000002b72d4e1a50;  1 drivers
v000002b72d6567f0_0 .var "Q", 0 0;
v000002b72d4e51b0_0 .net "clk", 0 0, v000002b72d4e17d0_0;  alias, 1 drivers
S_000002b72d4e5250 .scope module, "i3" "dff" 2 17, 2 1 0, S_000002b72d4d8270;
 .timescale 0 0;
    .port_info 0 /INPUT 1 "D";
    .port_info 1 /INPUT 1 "clk";
    .port_info 2 /OUTPUT 1 "Q";
v000002b72d4e53e0_0 .net "D", 0 0, L_000002b72d4e2450;  1 drivers
v000002b72d4e5480_0 .var "Q", 0 0;
v000002b72d4e5520_0 .net "clk", 0 0, v000002b72d4e17d0_0;  alias, 1 drivers
S_000002b72d4e1230 .scope module, "i4" "dff" 2 18, 2 1 0, S_000002b72d4d8270;
 .timescale 0 0;
    .port_info 0 /INPUT 1 "D";
    .port_info 1 /INPUT 1 "clk";
    .port_info 2 /OUTPUT 1 "Q";
v000002b72d4e13c0_0 .net "D", 0 0, L_000002b72d4e2310;  1 drivers
v000002b72d4e1460_0 .var "Q", 0 0;
v000002b72d4e1500_0 .net "clk", 0 0, v000002b72d4e17d0_0;  alias, 1 drivers
    .scope S_000002b72d4d8400;
T_0 ;
    %wait E_000002b72d65a410;
    %load/vec4 v000002b72d4d6800_0;
    %store/vec4 v000002b72d656480_0, 0, 1;
    %jmp T_0;
    .thread T_0;
    .scope S_000002b72d6565c0;
T_1 ;
    %wait E_000002b72d65a410;
    %load/vec4 v000002b72d656750_0;
    %store/vec4 v000002b72d6567f0_0, 0, 1;
    %jmp T_1;
    .thread T_1;
    .scope S_000002b72d4e5250;
T_2 ;
    %wait E_000002b72d65a410;
    %load/vec4 v000002b72d4e53e0_0;
    %store/vec4 v000002b72d4e5480_0, 0, 1;
    %jmp T_2;
    .thread T_2;
    .scope S_000002b72d4e1230;
T_3 ;
    %wait E_000002b72d65a410;
    %load/vec4 v000002b72d4e13c0_0;
    %store/vec4 v000002b72d4e1460_0, 0, 1;
    %jmp T_3;
    .thread T_3;
    .scope S_000002b72d65bd60;
T_4 ;
    %delay 5, 0;
    %load/vec4 v000002b72d4e17d0_0;
    %inv;
    %store/vec4 v000002b72d4e17d0_0, 0, 1;
    %jmp T_4;
    .thread T_4;
    .scope S_000002b72d65bd60;
T_5 ;
    %pushi/vec4 0, 0, 1;
    %store/vec4 v000002b72d4e1e10_0, 0, 1;
    %pushi/vec4 0, 0, 1;
    %store/vec4 v000002b72d4e17d0_0, 0, 1;
    %vpi_call 2 29 "$monitor", "Time:%f, in:%b, clk:%b, out:%b", $time, v000002b72d4e1e10_0, v000002b72d4e17d0_0, v000002b72d4e2090_0 {0 0 0};
    %delay 10, 0;
    %pushi/vec4 1, 0, 1;
    %store/vec4 v000002b72d4e1e10_0, 0, 1;
    %delay 10, 0;
    %pushi/vec4 0, 0, 1;
    %store/vec4 v000002b72d4e1e10_0, 0, 1;
    %delay 10, 0;
    %pushi/vec4 1, 0, 1;
    %store/vec4 v000002b72d4e1e10_0, 0, 1;
    %delay 10, 0;
    %pushi/vec4 0, 0, 1;
    %store/vec4 v000002b72d4e1e10_0, 0, 1;
    %delay 60, 0;
    %vpi_call 2 34 "$finish" {0 0 0};
    %end;
    .thread T_5;
# The file index is used to find the file name in the following table.
:file_names 3;
    "N/A";
    "<interactive>";
    "SISO_dff.v";
