#! /c/Source/iverilog-install/bin/vvp
:ivl_version "12.0 (devel)" "(s20150603-1539-g2693dd32b)";
:ivl_delay_selection "TYPICAL";
:vpi_time_precision + 0;
:vpi_module "C:\iverilog\lib\ivl\system.vpi";
:vpi_module "C:\iverilog\lib\ivl\vhdl_sys.vpi";
:vpi_module "C:\iverilog\lib\ivl\vhdl_textio.vpi";
:vpi_module "C:\iverilog\lib\ivl\v2005_math.vpi";
:vpi_module "C:\iverilog\lib\ivl\va_math.vpi";
S_000002634a878d10 .scope module, "add_sub_4bit_tb" "add_sub_4bit_tb" 2 33;
 .timescale 0 0;
v000002634a871b70_0 .var "a", 3 0;
v000002634a871e90_0 .var "b", 3 0;
v000002634a86a750_0 .net "cout", 0 0, L_000002634a86e950;  1 drivers
v000002634a869f30_0 .var "ctrl", 0 0;
v000002634a8d7ca0_0 .net "sum", 3 0, L_000002634a8d7840;  1 drivers
S_000002634a878ea0 .scope module, "i1" "add_sub_4bit" 2 39, 2 13 0, S_000002634a878d10;
 .timescale 0 0;
    .port_info 0 /INPUT 4 "a";
    .port_info 1 /INPUT 4 "b";
    .port_info 2 /OUTPUT 4 "sum";
    .port_info 3 /OUTPUT 1 "cout";
    .port_info 4 /INPUT 1 "ctrl";
L_000002634a86e5d0 .functor XOR 1, v000002634a869f30_0, L_000002634a8d6bc0, C4<0>, C4<0>;
L_000002634a86e3a0 .functor XOR 1, v000002634a869f30_0, L_000002634a8d64e0, C4<0>, C4<0>;
L_000002634a86df40 .functor XOR 1, v000002634a869f30_0, L_000002634a8d72a0, C4<0>, C4<0>;
L_000002634a86e4f0 .functor XOR 1, v000002634a869f30_0, L_000002634a8d6d00, C4<0>, C4<0>;
v000002634a871df0_0 .net *"_ivl_0", 0 0, L_000002634a86e5d0;  1 drivers
v000002634a8718f0_0 .net *"_ivl_11", 0 0, L_000002634a8d72a0;  1 drivers
v000002634a871990_0 .net *"_ivl_12", 0 0, L_000002634a86e4f0;  1 drivers
v000002634a872cf0_0 .net *"_ivl_16", 0 0, L_000002634a8d6d00;  1 drivers
v000002634a872750_0 .net *"_ivl_3", 0 0, L_000002634a8d6bc0;  1 drivers
v000002634a871a30_0 .net *"_ivl_4", 0 0, L_000002634a86e3a0;  1 drivers
v000002634a871ad0_0 .net *"_ivl_7", 0 0, L_000002634a8d64e0;  1 drivers
v000002634a872d90_0 .net *"_ivl_8", 0 0, L_000002634a86df40;  1 drivers
v000002634a872890_0 .net "a", 3 0, v000002634a871b70_0;  1 drivers
v000002634a8729d0_0 .net "b", 3 0, v000002634a871e90_0;  1 drivers
v000002634a872a70_0 .net "carryw", 2 0, L_000002634a8d7020;  1 drivers
v000002634a872b10_0 .net "cout", 0 0, L_000002634a86e950;  alias, 1 drivers
v000002634a873010_0 .net "ctrl", 0 0, v000002634a869f30_0;  1 drivers
v000002634a8730b0_0 .net "sum", 3 0, L_000002634a8d7840;  alias, 1 drivers
v000002634a873150_0 .net "wb", 3 0, L_000002634a8d6260;  1 drivers
L_000002634a8d6bc0 .part v000002634a871e90_0, 0, 1;
L_000002634a8d64e0 .part v000002634a871e90_0, 1, 1;
L_000002634a8d72a0 .part v000002634a871e90_0, 2, 1;
L_000002634a8d6260 .concat8 [ 1 1 1 1], L_000002634a86e5d0, L_000002634a86e3a0, L_000002634a86df40, L_000002634a86e4f0;
L_000002634a8d6d00 .part v000002634a871e90_0, 3, 1;
L_000002634a8d75c0 .part v000002634a871b70_0, 0, 1;
L_000002634a8d6940 .part L_000002634a8d6260, 0, 1;
L_000002634a8d7de0 .part v000002634a871b70_0, 1, 1;
L_000002634a8d7e80 .part L_000002634a8d6260, 1, 1;
L_000002634a8d6c60 .part L_000002634a8d7020, 0, 1;
L_000002634a8d6da0 .part v000002634a871b70_0, 2, 1;
L_000002634a8d6120 .part L_000002634a8d6260, 2, 1;
L_000002634a8d61c0 .part L_000002634a8d7020, 1, 1;
L_000002634a8d7020 .concat8 [ 1 1 1 0], L_000002634a86e100, L_000002634a86e800, L_000002634a86dc30;
L_000002634a8d6e40 .part v000002634a871b70_0, 3, 1;
L_000002634a8d6800 .part L_000002634a8d6260, 3, 1;
L_000002634a8d6ee0 .part L_000002634a8d7020, 2, 1;
L_000002634a8d7840 .concat8 [ 1 1 1 1], L_000002634a86e090, L_000002634a86e410, L_000002634a86dfb0, L_000002634a86e8e0;
S_000002634a876680 .scope module, "a0" "full_adder" 2 26, 2 1 0, S_000002634a878ea0;
 .timescale 0 0;
    .port_info 0 /INPUT 1 "a";
    .port_info 1 /INPUT 1 "b";
    .port_info 2 /INPUT 1 "cin";
    .port_info 3 /OUTPUT 1 "sum";
    .port_info 4 /OUTPUT 1 "cout";
L_000002634a86de60 .functor XOR 1, L_000002634a8d75c0, L_000002634a8d6940, C4<0>, C4<0>;
L_000002634a86e090 .functor XOR 1, L_000002634a86de60, v000002634a869f30_0, C4<0>, C4<0>;
L_000002634a86e720 .functor AND 1, L_000002634a8d75c0, L_000002634a8d6940, C4<1>, C4<1>;
L_000002634a86e790 .functor AND 1, L_000002634a86de60, v000002634a869f30_0, C4<1>, C4<1>;
L_000002634a86e100 .functor OR 1, L_000002634a86e720, L_000002634a86e790, C4<0>, C4<0>;
v000002634a872e30_0 .net "a", 0 0, L_000002634a8d75c0;  1 drivers
v000002634a8721b0_0 .net "b", 0 0, L_000002634a8d6940;  1 drivers
v000002634a871670_0 .net "cin", 0 0, v000002634a869f30_0;  alias, 1 drivers
v000002634a872250_0 .net "cout", 0 0, L_000002634a86e100;  1 drivers
v000002634a8722f0_0 .net "sum", 0 0, L_000002634a86e090;  1 drivers
v000002634a872930_0 .net "w1", 0 0, L_000002634a86de60;  1 drivers
v000002634a872bb0_0 .net "w2", 0 0, L_000002634a86e720;  1 drivers
v000002634a872390_0 .net "w3", 0 0, L_000002634a86e790;  1 drivers
S_000002634a876810 .scope module, "a1" "full_adder" 2 27, 2 1 0, S_000002634a878ea0;
 .timescale 0 0;
    .port_info 0 /INPUT 1 "a";
    .port_info 1 /INPUT 1 "b";
    .port_info 2 /INPUT 1 "cin";
    .port_info 3 /OUTPUT 1 "sum";
    .port_info 4 /OUTPUT 1 "cout";
L_000002634a86e640 .functor XOR 1, L_000002634a8d7de0, L_000002634a8d7e80, C4<0>, C4<0>;
L_000002634a86e410 .functor XOR 1, L_000002634a86e640, L_000002634a8d6c60, C4<0>, C4<0>;
L_000002634a86dae0 .functor AND 1, L_000002634a8d7de0, L_000002634a8d7e80, C4<1>, C4<1>;
L_000002634a86dd10 .functor AND 1, L_000002634a86e640, L_000002634a8d6c60, C4<1>, C4<1>;
L_000002634a86e800 .functor OR 1, L_000002634a86dae0, L_000002634a86dd10, C4<0>, C4<0>;
v000002634a8713f0_0 .net "a", 0 0, L_000002634a8d7de0;  1 drivers
v000002634a872c50_0 .net "b", 0 0, L_000002634a8d7e80;  1 drivers
v000002634a872570_0 .net "cin", 0 0, L_000002634a8d6c60;  1 drivers
v000002634a872430_0 .net "cout", 0 0, L_000002634a86e800;  1 drivers
v000002634a871490_0 .net "sum", 0 0, L_000002634a86e410;  1 drivers
v000002634a8717b0_0 .net "w1", 0 0, L_000002634a86e640;  1 drivers
v000002634a871350_0 .net "w2", 0 0, L_000002634a86dae0;  1 drivers
v000002634a872110_0 .net "w3", 0 0, L_000002634a86dd10;  1 drivers
S_000002634a873320 .scope module, "a2" "full_adder" 2 28, 2 1 0, S_000002634a878ea0;
 .timescale 0 0;
    .port_info 0 /INPUT 1 "a";
    .port_info 1 /INPUT 1 "b";
    .port_info 2 /INPUT 1 "cin";
    .port_info 3 /OUTPUT 1 "sum";
    .port_info 4 /OUTPUT 1 "cout";
L_000002634a86dbc0 .functor XOR 1, L_000002634a8d6da0, L_000002634a8d6120, C4<0>, C4<0>;
L_000002634a86dfb0 .functor XOR 1, L_000002634a86dbc0, L_000002634a8d61c0, C4<0>, C4<0>;
L_000002634a86e250 .functor AND 1, L_000002634a8d6da0, L_000002634a8d6120, C4<1>, C4<1>;
L_000002634a86e6b0 .functor AND 1, L_000002634a86dbc0, L_000002634a8d61c0, C4<1>, C4<1>;
L_000002634a86dc30 .functor OR 1, L_000002634a86e250, L_000002634a86e6b0, C4<0>, C4<0>;
v000002634a8724d0_0 .net "a", 0 0, L_000002634a8d6da0;  1 drivers
v000002634a871cb0_0 .net "b", 0 0, L_000002634a8d6120;  1 drivers
v000002634a872ed0_0 .net "cin", 0 0, L_000002634a8d61c0;  1 drivers
v000002634a871c10_0 .net "cout", 0 0, L_000002634a86dc30;  1 drivers
v000002634a8712b0_0 .net "sum", 0 0, L_000002634a86dfb0;  1 drivers
v000002634a872f70_0 .net "w1", 0 0, L_000002634a86dbc0;  1 drivers
v000002634a871d50_0 .net "w2", 0 0, L_000002634a86e250;  1 drivers
v000002634a8727f0_0 .net "w3", 0 0, L_000002634a86e6b0;  1 drivers
S_000002634a8734b0 .scope module, "a3" "full_adder" 2 29, 2 1 0, S_000002634a878ea0;
 .timescale 0 0;
    .port_info 0 /INPUT 1 "a";
    .port_info 1 /INPUT 1 "b";
    .port_info 2 /INPUT 1 "cin";
    .port_info 3 /OUTPUT 1 "sum";
    .port_info 4 /OUTPUT 1 "cout";
L_000002634a86e870 .functor XOR 1, L_000002634a8d6e40, L_000002634a8d6800, C4<0>, C4<0>;
L_000002634a86e8e0 .functor XOR 1, L_000002634a86e870, L_000002634a8d6ee0, C4<0>, C4<0>;
L_000002634a86dca0 .functor AND 1, L_000002634a8d6e40, L_000002634a8d6800, C4<1>, C4<1>;
L_000002634a86e020 .functor AND 1, L_000002634a86e870, L_000002634a8d6ee0, C4<1>, C4<1>;
L_000002634a86e950 .functor OR 1, L_000002634a86dca0, L_000002634a86e020, C4<0>, C4<0>;
v000002634a871530_0 .net "a", 0 0, L_000002634a8d6e40;  1 drivers
v000002634a8715d0_0 .net "b", 0 0, L_000002634a8d6800;  1 drivers
v000002634a871850_0 .net "cin", 0 0, L_000002634a8d6ee0;  1 drivers
v000002634a871f30_0 .net "cout", 0 0, L_000002634a86e950;  alias, 1 drivers
v000002634a8726b0_0 .net "sum", 0 0, L_000002634a86e8e0;  1 drivers
v000002634a872070_0 .net "w1", 0 0, L_000002634a86e870;  1 drivers
v000002634a871fd0_0 .net "w2", 0 0, L_000002634a86dca0;  1 drivers
v000002634a872610_0 .net "w3", 0 0, L_000002634a86e020;  1 drivers
    .scope S_000002634a878d10;
T_0 ;
    %pushi/vec4 0, 0, 4;
    %store/vec4 v000002634a871b70_0, 0, 4;
    %pushi/vec4 0, 0, 4;
    %store/vec4 v000002634a871e90_0, 0, 4;
    %pushi/vec4 0, 0, 1;
    %store/vec4 v000002634a869f30_0, 0, 1;
    %vpi_call 2 46 "$monitor", "Time:%0t ctrl=%b a=%4b b=%4b sum=%4b cout=%b", $time, v000002634a869f30_0, v000002634a871b70_0, v000002634a871e90_0, v000002634a8d7ca0_0, v000002634a86a750_0 {0 0 0};
    %delay 5, 0;
    %pushi/vec4 1, 0, 4;
    %store/vec4 v000002634a871b70_0, 0, 4;
    %pushi/vec4 2, 0, 4;
    %store/vec4 v000002634a871e90_0, 0, 4;
    %pushi/vec4 1, 0, 1;
    %store/vec4 v000002634a869f30_0, 0, 1;
    %delay 5, 0;
    %pushi/vec4 7, 0, 4;
    %store/vec4 v000002634a871b70_0, 0, 4;
    %pushi/vec4 1, 0, 4;
    %store/vec4 v000002634a871e90_0, 0, 4;
    %pushi/vec4 0, 0, 1;
    %store/vec4 v000002634a869f30_0, 0, 1;
    %delay 5, 0;
    %pushi/vec4 15, 0, 4;
    %store/vec4 v000002634a871b70_0, 0, 4;
    %pushi/vec4 1, 0, 4;
    %store/vec4 v000002634a871e90_0, 0, 4;
    %pushi/vec4 1, 0, 1;
    %store/vec4 v000002634a869f30_0, 0, 1;
    %delay 5, 0;
    %pushi/vec4 9, 0, 4;
    %store/vec4 v000002634a871b70_0, 0, 4;
    %pushi/vec4 1, 0, 4;
    %store/vec4 v000002634a871e90_0, 0, 4;
    %pushi/vec4 0, 0, 1;
    %store/vec4 v000002634a869f30_0, 0, 1;
    %end;
    .thread T_0;
# The file index is used to find the file name in the following table.
:file_names 3;
    "N/A";
    "<interactive>";
    "adder_subtract.v";
