#! /c/Source/iverilog-install/bin/vvp
:ivl_version "12.0 (devel)" "(s20150603-1539-g2693dd32b)";
:ivl_delay_selection "TYPICAL";
:vpi_time_precision + 0;
:vpi_module "C:\iverilog\lib\ivl\system.vpi";
:vpi_module "C:\iverilog\lib\ivl\vhdl_sys.vpi";
:vpi_module "C:\iverilog\lib\ivl\vhdl_textio.vpi";
:vpi_module "C:\iverilog\lib\ivl\v2005_math.vpi";
:vpi_module "C:\iverilog\lib\ivl\va_math.vpi";
S_00000265f378bde0 .scope module, "logical_unit_4bit_tb" "logical_unit_4bit_tb" 2 10;
 .timescale 0 0;
v00000265f3923e20_0 .var "ctrl", 1 0;
v00000265f39237e0_0 .var "input1", 3 0;
v00000265f3923ba0_0 .var "input2", 3 0;
v00000265f3923a60_0 .net "out", 3 0, L_00000265f3924280;  1 drivers
S_00000265f3925840 .scope module, "i1" "logical_unit_4bit" 2 16, 2 1 0, S_00000265f378bde0;
 .timescale 0 0;
    .port_info 0 /INPUT 4 "input1";
    .port_info 1 /INPUT 4 "input2";
    .port_info 2 /OUTPUT 4 "out";
    .port_info 3 /INPUT 2 "ctrl";
L_00000265f3925c50 .functor XOR 4, v00000265f39237e0_0, v00000265f3923ba0_0, C4<0000>, C4<0000>;
L_00000265f3786e20 .functor OR 4, v00000265f39237e0_0, v00000265f3923ba0_0, C4<0000>, C4<0000>;
L_00000265f3786f80 .functor NOT 4, v00000265f39237e0_0, C4<0000>, C4<0000>, C4<0000>;
L_00000265f3915b90 .functor AND 4, v00000265f39237e0_0, v00000265f3923ba0_0, C4<1111>, C4<1111>;
v00000265f39259d0_0 .net *"_ivl_1", 0 0, L_00000265f3923ec0;  1 drivers
v00000265f3786850_0 .net *"_ivl_11", 0 0, L_00000265f3923880;  1 drivers
v00000265f3925a70_0 .net *"_ivl_12", 3 0, L_00000265f3786f80;  1 drivers
v00000265f3925b10_0 .net *"_ivl_14", 3 0, L_00000265f3915b90;  1 drivers
v00000265f3925bb0_0 .net *"_ivl_16", 3 0, L_00000265f3923f60;  1 drivers
v00000265f3915a50_0 .net *"_ivl_3", 0 0, L_00000265f3923ce0;  1 drivers
v00000265f3915af0_0 .net *"_ivl_4", 3 0, L_00000265f3925c50;  1 drivers
v00000265f3923920_0 .net *"_ivl_6", 3 0, L_00000265f3786e20;  1 drivers
v00000265f3923600_0 .net *"_ivl_8", 3 0, L_00000265f3923d80;  1 drivers
v00000265f39234c0_0 .net "ctrl", 1 0, v00000265f3923e20_0;  1 drivers
v00000265f39239c0_0 .net "input1", 3 0, v00000265f39237e0_0;  1 drivers
v00000265f39241e0_0 .net "input2", 3 0, v00000265f3923ba0_0;  1 drivers
v00000265f3923740_0 .net "out", 3 0, L_00000265f3924280;  alias, 1 drivers
L_00000265f3923ec0 .part v00000265f3923e20_0, 0, 1;
L_00000265f3923ce0 .part v00000265f3923e20_0, 1, 1;
L_00000265f3923d80 .functor MUXZ 4, L_00000265f3786e20, L_00000265f3925c50, L_00000265f3923ce0, C4<>;
L_00000265f3923880 .part v00000265f3923e20_0, 1, 1;
L_00000265f3923f60 .functor MUXZ 4, L_00000265f3915b90, L_00000265f3786f80, L_00000265f3923880, C4<>;
L_00000265f3924280 .functor MUXZ 4, L_00000265f3923f60, L_00000265f3923d80, L_00000265f3923ec0, C4<>;
    .scope S_00000265f378bde0;
T_0 ;
    %pushi/vec4 0, 0, 4;
    %store/vec4 v00000265f39237e0_0, 0, 4;
    %pushi/vec4 0, 0, 4;
    %store/vec4 v00000265f3923ba0_0, 0, 4;
    %pushi/vec4 0, 0, 2;
    %store/vec4 v00000265f3923e20_0, 0, 2;
    %vpi_call 2 23 "$monitor", "Time:%0t ctrl=%b input1=%4b input2=%4b output=%4b", $time, v00000265f3923e20_0, v00000265f39237e0_0, v00000265f3923ba0_0, v00000265f3923a60_0 {0 0 0};
    %delay 5, 0;
    %pushi/vec4 10, 0, 4;
    %store/vec4 v00000265f39237e0_0, 0, 4;
    %pushi/vec4 10, 0, 4;
    %store/vec4 v00000265f3923ba0_0, 0, 4;
    %pushi/vec4 0, 0, 2;
    %store/vec4 v00000265f3923e20_0, 0, 2;
    %delay 5, 0;
    %pushi/vec4 3, 0, 4;
    %store/vec4 v00000265f39237e0_0, 0, 4;
    %pushi/vec4 7, 0, 4;
    %store/vec4 v00000265f3923ba0_0, 0, 4;
    %pushi/vec4 1, 0, 2;
    %store/vec4 v00000265f3923e20_0, 0, 2;
    %delay 5, 0;
    %pushi/vec4 0, 0, 4;
    %store/vec4 v00000265f39237e0_0, 0, 4;
    %pushi/vec4 2, 0, 2;
    %store/vec4 v00000265f3923e20_0, 0, 2;
    %delay 5, 0;
    %pushi/vec4 15, 0, 4;
    %store/vec4 v00000265f39237e0_0, 0, 4;
    %pushi/vec4 15, 0, 4;
    %store/vec4 v00000265f3923ba0_0, 0, 4;
    %pushi/vec4 3, 0, 2;
    %store/vec4 v00000265f3923e20_0, 0, 2;
    %end;
    .thread T_0;
# The file index is used to find the file name in the following table.
:file_names 3;
    "N/A";
    "<interactive>";
    "logical_unit.v";
